[LicensingClient] ERROR Failed to connect to local IPC
[Licensing::Module] Failed to connect to channel: LicenseClient-root
[Licensing::Module] Successfully launched the LicensingClient
[Licensing::Module] Successfully connected to LicensingClient on channel: LicenseClient-root
[SignatureVerifier] Application signature verification not supported on this platform.
[Licensing::Module] Successfully launched and connected to LicensingClient
Entitlement-based licensing initiated
[LicensingClient] Licenses Updated successfully in LicensingClient

LICENSE SYSTEM [202067 23:7:52] Next license update check is after 2020-06-06T05:16:45

[Licensing::Module] Serial number assigned to: "F4-T9T7-F7KN-5YN5-D7KN-XXXX"\n[Package Manager] Server::Start -- Port 42593 was selected

 COMMAND LINE ARGUMENTS:
/opt/Unity/Editor/Unity
-quit
-batchmode
-nographics
-logFile
./buid-logs/build_20200608_01.log
-projectPath
.
-buildWindows64Player
./bin-win64/CIBuildTest.exe
Successfully changed project path to: /unity_ci_project_win/.
/unity_ci_project_win
Using Asset Import Pipeline V2.
DisplayProgressbar: Unity Package Manager
Adding genesis user token [Package Manager] Done resolving packages in 0.57s seconds
[Package Manager] Done checking package constraints in 0.00s seconds
[Package Manager] 
Registered 42 packages:
  Packages from [https://packages.unity.com]:
    com.unity.collab-proxy@1.2.16 (location: /unity_ci_project_win/Library/PackageCache/com.unity.collab-proxy@1.2.16)
    com.unity.ide.rider@1.1.4 (location: /unity_ci_project_win/Library/PackageCache/com.unity.ide.rider@1.1.4)
    com.unity.ide.vscode@1.1.4 (location: /unity_ci_project_win/Library/PackageCache/com.unity.ide.vscode@1.1.4)
    com.unity.test-framework@1.1.11 (location: /unity_ci_project_win/Library/PackageCache/com.unity.test-framework@1.1.11)
    com.unity.textmeshpro@2.0.1 (location: /unity_ci_project_win/Library/PackageCache/com.unity.textmeshpro@2.0.1)
    com.unity.timeline@1.2.12 (location: /unity_ci_project_win/Library/PackageCache/com.unity.timeline@1.2.12)
    com.unity.ext.nunit@1.0.0 (location: /unity_ci_project_win/Library/PackageCache/com.unity.ext.nunit@1.0.0)
  Built-in packages:
    com.unity.2d.sprite@1.0.0 (location: /opt/Unity/Editor/Data/Resources/PackageManager/BuiltInPackages/com.unity.2d.sprite)
    com.unity.2d.tilemap@1.0.0 (location: /opt/Unity/Editor/Data/Resources/PackageManager/BuiltInPackages/com.unity.2d.tilemap)
    com.unity.ugui@1.0.0 (location: /opt/Unity/Editor/Data/Resources/PackageManager/BuiltInPackages/com.unity.ugui)
    com.unity.modules.ai@1.0.0 (location: /opt/Unity/Editor/Data/Resources/PackageManager/BuiltInPackages/com.unity.modules.ai)
    com.unity.modules.androidjni@1.0.0 (location: /opt/Unity/Editor/Data/Resources/PackageManager/BuiltInPackages/com.unity.modules.androidjni)
    com.unity.modules.animation@1.0.0 (location: /opt/Unity/Editor/Data/Resources/PackageManager/BuiltInPackages/com.unity.modules.animation)
    com.unity.modules.assetbundle@1.0.0 (location: /opt/Unity/Editor/Data/Resources/PackageManager/BuiltInPackages/com.unity.modules.assetbundle)
    com.unity.modules.audio@1.0.0 (location: /opt/Unity/Editor/Data/Resources/PackageManager/BuiltInPackages/com.unity.modules.audio)
    com.unity.modules.cloth@1.0.0 (location: /opt/Unity/Editor/Data/Resources/PackageManager/BuiltInPackages/com.unity.modules.cloth)
    com.unity.modules.director@1.0.0 (location: /opt/Unity/Editor/Data/Resources/PackageManager/BuiltInPackages/com.unity.modules.director)
    com.unity.modules.imageconversion@1.0.0 (location: /opt/Unity/Editor/Data/Resources/PackageManager/BuiltInPackages/com.unity.modules.imageconversion)
    com.unity.modules.imgui@1.0.0 (location: /opt/Unity/Editor/Data/Resources/PackageManager/BuiltInPackages/com.unity.modules.imgui)
    com.unity.modules.jsonserialize@1.0.0 (location: /opt/Unity/Editor/Data/Resources/PackageManager/BuiltInPackages/com.unity.modules.jsonserialize)
    com.unity.modules.particlesystem@1.0.0 (location: /opt/Unity/Editor/Data/Resources/PackageManager/BuiltInPackages/com.unity.modules.particlesystem)
    com.unity.modules.physics@1.0.0 (location: /opt/Unity/Editor/Data/Resources/PackageManager/BuiltInPackages/com.unity.modules.physics)
    com.unity.modules.physics2d@1.0.0 (location: /opt/Unity/Editor/Data/Resources/PackageManager/BuiltInPackages/com.unity.modules.physics2d)
    com.unity.modules.screencapture@1.0.0 (location: /opt/Unity/Editor/Data/Resources/PackageManager/BuiltInPackages/com.unity.modules.screencapture)
    com.unity.modules.terrain@1.0.0 (location: /opt/Unity/Editor/Data/Resources/PackageManager/BuiltInPackages/com.unity.modules.terrain)
    com.unity.modules.terrainphysics@1.0.0 (location: /opt/Unity/Editor/Data/Resources/PackageManager/BuiltInPackages/com.unity.modules.terrainphysics)
    com.unity.modules.tilemap@1.0.0 (location: /opt/Unity/Editor/Data/Resources/PackageManager/BuiltInPackages/com.unity.modules.tilemap)
    com.unity.modules.ui@1.0.0 (location: /opt/Unity/Editor/Data/Resources/PackageManager/BuiltInPackages/com.unity.modules.ui)
    com.unity.modules.uielements@1.0.0 (location: /opt/Unity/Editor/Data/Resources/PackageManager/BuiltInPackages/com.unity.modules.uielements)
    com.unity.modules.umbra@1.0.0 (location: /opt/Unity/Editor/Data/Resources/PackageManager/BuiltInPackages/com.unity.modules.umbra)
    com.unity.modules.unityanalytics@1.0.0 (location: /opt/Unity/Editor/Data/Resources/PackageManager/BuiltInPackages/com.unity.modules.unityanalytics)
    com.unity.modules.unitywebrequest@1.0.0 (location: /opt/Unity/Editor/Data/Resources/PackageManager/BuiltInPackages/com.unity.modules.unitywebrequest)
    com.unity.modules.unitywebrequestassetbundle@1.0.0 (location: /opt/Unity/Editor/Data/Resources/PackageManager/BuiltInPackages/com.unity.modules.unitywebrequestassetbundle)
    com.unity.modules.unitywebrequestaudio@1.0.0 (location: /opt/Unity/Editor/Data/Resources/PackageManager/BuiltInPackages/com.unity.modules.unitywebrequestaudio)
    com.unity.modules.unitywebrequesttexture@1.0.0 (location: /opt/Unity/Editor/Data/Resources/PackageManager/BuiltInPackages/com.unity.modules.unitywebrequesttexture)
    com.unity.modules.unitywebrequestwww@1.0.0 (location: /opt/Unity/Editor/Data/Resources/PackageManager/BuiltInPackages/com.unity.modules.unitywebrequestwww)
    com.unity.modules.vehicles@1.0.0 (location: /opt/Unity/Editor/Data/Resources/PackageManager/BuiltInPackages/com.unity.modules.vehicles)
    com.unity.modules.video@1.0.0 (location: /opt/Unity/Editor/Data/Resources/PackageManager/BuiltInPackages/com.unity.modules.video)
    com.unity.modules.vr@1.0.0 (location: /opt/Unity/Editor/Data/Resources/PackageManager/BuiltInPackages/com.unity.modules.vr)
    com.unity.modules.wind@1.0.0 (location: /opt/Unity/Editor/Data/Resources/PackageManager/BuiltInPackages/com.unity.modules.wind)
    com.unity.modules.xr@1.0.0 (location: /opt/Unity/Editor/Data/Resources/PackageManager/BuiltInPackages/com.unity.modules.xr)
    com.unity.modules.subsystems@1.0.0 (location: /opt/Unity/Editor/Data/Resources/PackageManager/BuiltInPackages/com.unity.modules.subsystems)

[Subsystems] No new subsystems found in resolved package list.
[Package Manager] Done registering packages in 0.00s seconds
Refreshing native plugins compatible for Editor in 13.31 ms, found 0 plugins.
Preloading 0 native plugins for Editor in 0.00 ms.
Initialize engine version: 2019.3.5f1 (d691e07d38ef)
[Subsystems] Discovering subsystems at path /opt/Unity/Editor/Data/Resources/UnitySubsystems
[Subsystems] Discovering subsystems at path /unity_ci_project_win/Assets
Forcing GfxDevice: Null
NullGfxDevice:
    Version:  NULL 1.0 [1.0]
    Renderer: Null Device
    Vendor:   Unity Technologies
Initialize mono
Mono path[0] = '/opt/Unity/Editor/Data/Managed'
Mono path[1] = '/opt/Unity/Editor/Data/MonoBleedingEdge/lib/mono/unityjit'
Mono config path = '/opt/Unity/Editor/Data/MonoBleedingEdge/etc'
Using monoOptions --debugger-agent=transport=dt_socket,embedding=1,server=y,suspend=n,address=127.0.0.1:56301
ImportWorker Server TCP listen port: 34157
Begin MonoManager ReloadAssembly
Registering precompiled unity dll's ...
Register platform support module: /opt/Unity/Editor/Data/PlaybackEngines/WindowsStandaloneSupport/UnityEditor.WindowsStandalone.Extensions.dll
Register platform support module: /opt/Unity/Editor/Data/PlaybackEngines/LinuxStandaloneSupport/UnityEditor.LinuxStandalone.Extensions.dll
Registered in 0.001561 seconds.
Native extension for LinuxStandalone target not found
Native extension for WindowsStandalone target not found
Refreshing native plugins compatible for Editor in 12.52 ms, found 0 plugins.
Preloading 0 native plugins for Editor in 0.00 ms.
Mono: successfully reloaded assembly
- Completed reload, in  0.923 seconds
Registering precompiled user dll's ...
Registered in 0.033902 seconds.
Platform modules already initialized, skipping
Validating Project structure ... 0.003674 seconds.
Shader import version has changed; will reimport all shaders...
Upgrading shader files ...0.003391 seconds.
Begin MonoManager ReloadAssembly
Symbol file LoadedFromMemory doesn't match image /unity_ci_project_win/Library/PackageCache/com.unity.ext.nunit@1.0.0/net35/unity-custom/nunit.framework.dll
Native extension for LinuxStandalone target not found
Native extension for WindowsStandalone target not found
Refreshing native plugins compatible for Editor in 0.18 ms, found 0 plugins.
Preloading 0 native plugins for Editor in 0.00 ms.
Mono: successfully reloaded assembly
Refresh completed in 0.000004 seconds.
- Completed reload, in  0.627 seconds
Platform modules already initialized, skipping
RefreshInfo: InitialScriptRefreshV2(NoUpdateAssetOptions)
RefreshProfiler: Total: 969.868ms
	InvokeBeforeRefreshCallbacks: 0.124ms
	ApplyChangesToAssetFolders: 0.049ms
	WriteModifiedImportersToTextMetaFiles: 0.000ms
	CleanLegacyArtifacts: 0.000ms
	Scan: 23.572ms
	OnSourceAssetsModified: 0.001ms
	UnregisterDeletedAssets: 0.000ms
	InitializeImportedAssetsSnapshot: 0.109ms
	GetAllGuidsForCategorization: 0.056ms
	CategorizeAssets: 12.272ms
	ImportAndPostprocessOutOfDateAssets: 929.581ms (929.133ms without children)
		ImportManagerImport: 0.000ms (0.000ms without children)
			ImportInProcess: 0.000ms
			ImportOutOfProcess: 0.000ms
			UpdateCategorizedAssets: 0.000ms
			RemoteAssetCacheGetArtifact: 0.000ms (0.000ms without children)
				RemoteAssetCacheResolve: 0.000ms
				RemoteAssetCacheDownloadFile: 0.000ms
		CompileScripts: 0.000ms
		PostProcessAllAssets: 0.001ms
		ReloadImportedAssets: 0.000ms
		VerifyAssetsAreUpToDateAndCorrect: 0.000ms
		EnsureUptoDateAssetsAreRegisteredWithGuidPM: 0.108ms
		InitializingProgressBar: 0.001ms
		PostProcessAllAssetNotificationsAddChangedAssets: 0.076ms
		OnDemandSchedulerStart: 0.000ms
		RestoreLoadedAssetsState: 0.264ms
	InvokeProjectHasChanged: 0.000ms
	UpdateImportedAssetsSnapshot: -0.001ms
	ReloadSourceAssets: 0.344ms
	UnloadImportedAssets: 0.002ms
	Hotreload: 0.100ms
	FixTempGuids: 0.002ms
	VerifyGuidPMRegistrations: 0.000ms
	GatherAllCurrentPrimaryArtifactRevisions: 0.001ms
	UnloadStreamsBegin: 0.138ms
	LoadedImportedAssetsSnapshotReleaseGCHandles: 0.002ms
	GetLoadedSourceAssetsSnapshot: 0.315ms
	PersistCurrentRevisions: 0.000ms
	UnloadStreamsEnd: 3.311ms
	Untracked: -0.111ms
Refresh completed in 0.044070 seconds.
RefreshInfo: RefreshV2(ForceSynchronousImport)
RefreshProfiler: Total: 44.062ms
	InvokeBeforeRefreshCallbacks: 0.150ms
	ApplyChangesToAssetFolders: 0.051ms
	WriteModifiedImportersToTextMetaFiles: 0.000ms
	CleanLegacyArtifacts: 0.000ms
	Scan: 23.506ms
	OnSourceAssetsModified: 0.001ms
	UnregisterDeletedAssets: 0.000ms
	InitializeImportedAssetsSnapshot: 5.296ms
	GetAllGuidsForCategorization: 0.057ms
	CategorizeAssets: 11.565ms
	ImportAndPostprocessOutOfDateAssets: 2.002ms (0.860ms without children)
		ImportManagerImport: 0.000ms (0.000ms without children)
			ImportInProcess: 0.000ms
			ImportOutOfProcess: 0.000ms
			UpdateCategorizedAssets: 0.000ms
			RemoteAssetCacheGetArtifact: 0.000ms (0.000ms without children)
				RemoteAssetCacheResolve: 0.000ms
				RemoteAssetCacheDownloadFile: 0.000ms
		CompileScripts: 0.000ms
		PostProcessAllAssets: 0.001ms
		ReloadImportedAssets: 0.000ms
		VerifyAssetsAreUpToDateAndCorrect: 0.000ms
		EnsureUptoDateAssetsAreRegisteredWithGuidPM: 0.155ms
		InitializingProgressBar: 0.001ms
		PostProcessAllAssetNotificationsAddChangedAssets: 0.064ms
		OnDemandSchedulerStart: 0.306ms
		RestoreLoadedAssetsState: 0.617ms
	InvokeProjectHasChanged: 0.000ms
	UpdateImportedAssetsSnapshot: -0.001ms
	ReloadSourceAssets: 0.279ms
	UnloadImportedAssets: 0.040ms
	Hotreload: 0.012ms
	FixTempGuids: 0.002ms
	VerifyGuidPMRegistrations: 0.000ms
	GatherAllCurrentPrimaryArtifactRevisions: 0.102ms
	UnloadStreamsBegin: 0.006ms
	LoadedImportedAssetsSnapshotReleaseGCHandles: 0.375ms
	GetLoadedSourceAssetsSnapshot: 0.901ms
	PersistCurrentRevisions: 0.000ms
	UnloadStreamsEnd: 0.005ms
	Untracked: -0.289ms
Refresh completed in 0.028235 seconds.
RefreshInfo: RefreshV2(ForceSynchronousImport)
RefreshProfiler: Total: 28.228ms
	InvokeBeforeRefreshCallbacks: 0.135ms
	ApplyChangesToAssetFolders: 0.049ms
	WriteModifiedImportersToTextMetaFiles: 0.000ms
	CleanLegacyArtifacts: 0.000ms
	Scan: 25.210ms
	OnSourceAssetsModified: 0.000ms
	UnregisterDeletedAssets: 0.000ms
	InitializeImportedAssetsSnapshot: 1.484ms
	GetAllGuidsForCategorization: 0.000ms
	CategorizeAssets: 0.000ms
	ImportAndPostprocessOutOfDateAssets: 0.000ms (0.001ms without children)
		ImportManagerImport: 0.000ms (0.000ms without children)
			ImportInProcess: 0.000ms
			ImportOutOfProcess: 0.000ms
			UpdateCategorizedAssets: 0.000ms
			RemoteAssetCacheGetArtifact: 0.000ms (0.000ms without children)
				RemoteAssetCacheResolve: 0.000ms
				RemoteAssetCacheDownloadFile: 0.000ms
		CompileScripts: 0.000ms
		PostProcessAllAssets: 0.000ms
		ReloadImportedAssets: 0.000ms
		VerifyAssetsAreUpToDateAndCorrect: 0.000ms
		EnsureUptoDateAssetsAreRegisteredWithGuidPM: 0.000ms
		InitializingProgressBar: 0.000ms
		PostProcessAllAssetNotificationsAddChangedAssets: 0.000ms
		OnDemandSchedulerStart: 0.000ms
		RestoreLoadedAssetsState: 0.000ms
	InvokeProjectHasChanged: 0.000ms
	UpdateImportedAssetsSnapshot: -0.001ms
	ReloadSourceAssets: 0.000ms
	UnloadImportedAssets: 0.000ms
	Hotreload: 0.015ms
	FixTempGuids: 0.003ms
	VerifyGuidPMRegistrations: 0.000ms
	GatherAllCurrentPrimaryArtifactRevisions: 0.143ms
	UnloadStreamsBegin: 0.010ms
	LoadedImportedAssetsSnapshotReleaseGCHandles: 0.332ms
	GetLoadedSourceAssetsSnapshot: 0.339ms
	PersistCurrentRevisions: 0.000ms
	UnloadStreamsEnd: 0.006ms
	Untracked: 0.502ms
Refresh completed in 0.042937 seconds.
RefreshInfo: RefreshV2(NoUpdateAssetOptions)
RefreshProfiler: Total: 42.928ms
	InvokeBeforeRefreshCallbacks: 0.171ms
	ApplyChangesToAssetFolders: 0.098ms
	WriteModifiedImportersToTextMetaFiles: 0.000ms
	CleanLegacyArtifacts: 0.000ms
	Scan: 24.876ms
	OnSourceAssetsModified: 0.001ms
	UnregisterDeletedAssets: 0.000ms
	InitializeImportedAssetsSnapshot: 3.021ms
	GetAllGuidsForCategorization: 0.058ms
	CategorizeAssets: 11.727ms
	ImportAndPostprocessOutOfDateAssets: 1.488ms (0.587ms without children)
		ImportManagerImport: 0.000ms (0.000ms without children)
			ImportInProcess: 0.000ms
			ImportOutOfProcess: 0.000ms
			UpdateCategorizedAssets: 0.000ms
			RemoteAssetCacheGetArtifact: 0.000ms (0.000ms without children)
				RemoteAssetCacheResolve: 0.000ms
				RemoteAssetCacheDownloadFile: 0.000ms
		CompileScripts: 0.000ms
		PostProcessAllAssets: 0.001ms
		ReloadImportedAssets: 0.000ms
		VerifyAssetsAreUpToDateAndCorrect: 0.000ms
		EnsureUptoDateAssetsAreRegisteredWithGuidPM: 0.135ms
		InitializingProgressBar: 0.001ms
		PostProcessAllAssetNotificationsAddChangedAssets: 0.068ms
		OnDemandSchedulerStart: 0.092ms
		RestoreLoadedAssetsState: 0.606ms
	InvokeProjectHasChanged: 0.000ms
	UpdateImportedAssetsSnapshot: -0.001ms
	ReloadSourceAssets: 0.570ms
	UnloadImportedAssets: 0.040ms
	Hotreload: 0.035ms
	FixTempGuids: 0.002ms
	VerifyGuidPMRegistrations: 0.000ms
	GatherAllCurrentPrimaryArtifactRevisions: 0.106ms
	UnloadStreamsBegin: 0.015ms
	LoadedImportedAssetsSnapshotReleaseGCHandles: 0.330ms
	GetLoadedSourceAssetsSnapshot: 0.903ms
	PersistCurrentRevisions: 0.000ms
	UnloadStreamsEnd: 0.006ms
	Untracked: -0.517ms
Refresh completed in 0.041827 seconds.
RefreshInfo: RefreshV2(NoUpdateAssetOptions)
RefreshProfiler: Total: 41.820ms
	InvokeBeforeRefreshCallbacks: 0.199ms
	ApplyChangesToAssetFolders: 0.053ms
	WriteModifiedImportersToTextMetaFiles: 0.000ms
	CleanLegacyArtifacts: 0.000ms
	Scan: 24.946ms
	OnSourceAssetsModified: 0.001ms
	UnregisterDeletedAssets: 0.000ms
	InitializeImportedAssetsSnapshot: 1.499ms
	GetAllGuidsForCategorization: 0.059ms
	CategorizeAssets: 11.712ms
	ImportAndPostprocessOutOfDateAssets: 1.658ms (0.572ms without children)
		ImportManagerImport: 0.000ms (0.000ms without children)
			ImportInProcess: 0.000ms
			ImportOutOfProcess: 0.000ms
			UpdateCategorizedAssets: 0.000ms
			RemoteAssetCacheGetArtifact: 0.000ms (0.000ms without children)
				RemoteAssetCacheResolve: 0.000ms
				RemoteAssetCacheDownloadFile: 0.000ms
		CompileScripts: 0.000ms
		PostProcessAllAssets: 0.001ms
		ReloadImportedAssets: 0.000ms
		VerifyAssetsAreUpToDateAndCorrect: 0.000ms
		EnsureUptoDateAssetsAreRegisteredWithGuidPM: 0.147ms
		InitializingProgressBar: 0.001ms
		PostProcessAllAssetNotificationsAddChangedAssets: 0.071ms
		OnDemandSchedulerStart: 0.220ms
		RestoreLoadedAssetsState: 0.648ms
	InvokeProjectHasChanged: 0.000ms
	UpdateImportedAssetsSnapshot: -0.001ms
	ReloadSourceAssets: 0.553ms
	UnloadImportedAssets: 0.046ms
	Hotreload: 0.022ms
	FixTempGuids: 0.003ms
	VerifyGuidPMRegistrations: 0.000ms
	GatherAllCurrentPrimaryArtifactRevisions: 0.085ms
	UnloadStreamsBegin: 0.004ms
	LoadedImportedAssetsSnapshotReleaseGCHandles: 0.365ms
	GetLoadedSourceAssetsSnapshot: 0.976ms
	PersistCurrentRevisions: 0.000ms
	UnloadStreamsEnd: 0.006ms
	Untracked: -0.366ms
Initializing Unity extensions:
 '/opt/Unity/Editor/Data/UnityExtensions/Unity/UnityVR/Editor/UnityEditor.VR.dll'  GUID: 4ba2329b63d54f0187bcaa12486b1b0f
UpdateMenuTitleForLanguage: 10
Unloading 78 Unused Serialized files (Serialized files now loaded: 0)
System memory in use before: 31.8 MB.
System memory in use after: 31.1 MB.

Unloading 97 unused Assets to reduce memory usage. Loaded Objects now: 1486.
Total: 2.019900 ms (FindLiveObjects: 0.182200 ms CreateObjectMapping: 0.042000 ms MarkObjects: 1.287500 ms  DeleteObjects: 0.504900 ms)

Refreshing native plugins compatible for Editor in 0.38 ms, found 0 plugins.
building x86_64 windows player!
[ScriptCompilation] Recompiling all scripts because: Recompiling scripts for player build.
BuildPlayer: start building target 19
- Starting script compilation
- Starting compile Library/PlayerScriptAssemblies/UnityEngine.TestRunner.dll
- Starting compile Library/PlayerScriptAssemblies/UnityEngine.UI.dll
- Finished compile Library/PlayerScriptAssemblies/UnityEngine.TestRunner.dll in 1.494173 seconds
- Finished compile Library/PlayerScriptAssemblies/UnityEngine.UI.dll in 1.472903 seconds
- Starting compile Library/PlayerScriptAssemblies/Unity.TextMeshPro.dll
- Starting compile Library/PlayerScriptAssemblies/Unity.Timeline.dll
- Finished compile Library/PlayerScriptAssemblies/Unity.Timeline.dll in 1.085448 seconds
- Finished compile Library/PlayerScriptAssemblies/Unity.TextMeshPro.dll in 1.843 seconds
- Starting compile Library/PlayerScriptAssemblies/Assembly-CSharp-firstpass.dll
- Finished compile Library/PlayerScriptAssemblies/Assembly-CSharp-firstpass.dll in 0.772385 seconds
- Starting compile Library/PlayerScriptAssemblies/Assembly-CSharp.dll
- Finished compile Library/PlayerScriptAssemblies/Assembly-CSharp.dll in 0.69603 seconds
- Finished script compilation in 4.881249 seconds
DisplayProgressbar: Building Player
Refresh completed in 0.045684 seconds.
RefreshInfo: RefreshV2(NoUpdateAssetOptions)
RefreshProfiler: Total: 45.672ms
	InvokeBeforeRefreshCallbacks: 0.137ms
	ApplyChangesToAssetFolders: 0.075ms
	WriteModifiedImportersToTextMetaFiles: 0.000ms
	CleanLegacyArtifacts: 0.000ms
	Scan: 27.305ms
	OnSourceAssetsModified: 0.001ms
	UnregisterDeletedAssets: 0.000ms
	InitializeImportedAssetsSnapshot: 2.556ms
	GetAllGuidsForCategorization: 0.055ms
	CategorizeAssets: 11.501ms
	ImportAndPostprocessOutOfDateAssets: 1.449ms (0.484ms without children)
		ImportManagerImport: 0.000ms (0.000ms without children)
			ImportInProcess: 0.000ms
			ImportOutOfProcess: 0.000ms
			UpdateCategorizedAssets: 0.000ms
			RemoteAssetCacheGetArtifact: 0.000ms (0.000ms without children)
				RemoteAssetCacheResolve: 0.000ms
				RemoteAssetCacheDownloadFile: 0.000ms
		CompileScripts: 0.000ms
		PostProcessAllAssets: 0.001ms
		ReloadImportedAssets: 0.000ms
		VerifyAssetsAreUpToDateAndCorrect: 0.000ms
		EnsureUptoDateAssetsAreRegisteredWithGuidPM: 0.175ms
		InitializingProgressBar: 0.001ms
		PostProcessAllAssetNotificationsAddChangedAssets: 0.062ms
		OnDemandSchedulerStart: 0.154ms
		RestoreLoadedAssetsState: 0.574ms
	InvokeProjectHasChanged: 0.000ms
	UpdateImportedAssetsSnapshot: -0.001ms
	ReloadSourceAssets: 0.466ms
	UnloadImportedAssets: 0.039ms
	Hotreload: 0.023ms
	FixTempGuids: 0.002ms
	VerifyGuidPMRegistrations: 0.000ms
	GatherAllCurrentPrimaryArtifactRevisions: 0.192ms
	UnloadStreamsBegin: 0.240ms
	LoadedImportedAssetsSnapshotReleaseGCHandles: 0.361ms
	GetLoadedSourceAssetsSnapshot: 0.958ms
	PersistCurrentRevisions: 0.000ms
	UnloadStreamsEnd: 0.005ms
	Untracked: 0.307ms
- Collect Sprites to Pack : (SequentialAtlasing : 0) 
[     30 MB ]- Grouping sprites using the selected SpritePackerPolicy.
[     35 MB ]- Completed grouping sprites to Atlas.
[     35 MB ]- Build Sprite Atlas. 
[     35 MB ]- Packing 0 atlases.
[     35 MB ]- Packing completed.
[     35 MB ]- Update Sprites and Cleanup. 
[     35 MB ]Opening scene 'Assets/Let's Try Shooter/Scenes/ShootingWithRaycasts.unity'
LightmapEditorSettings: switching bake backend from 1 to 0.
Unloading 173 Unused Serialized files (Serialized files now loaded: 0)
Loaded scene 'Assets/Let's Try Shooter/Scenes/ShootingWithRaycasts.unity'
	Deserialize:            3.716 ms
	Integration:            30.577 ms
	Integration of assets:  0.005 ms
	Thread Wait Time:       15.602 ms
	Total Operation Time:   49.900 ms
System memory in use before: 34.6 MB.
System memory in use after: 34.4 MB.

Unloading 18 unused Assets to reduce memory usage. Loaded Objects now: 1822.
Total: 4.300500 ms (FindLiveObjects: 0.279500 ms CreateObjectMapping: 0.073800 ms MarkObjects: 3.743000 ms  DeleteObjects: 0.200900 ms)



Mono dependencies included in the build
Dependency assembly - System.Diagnostics.StackTrace.dll
Dependency assembly - System.Globalization.Extensions.dll
Dependency assembly - System.Runtime.Serialization.Xml.dll
Dependency assembly - System.Xml.XPath.XDocument.dll
Dependency assembly - netstandard.dll
Dependency assembly - Mono.Security.dll
Dependency assembly - System.ComponentModel.Composition.dll
Dependency assembly - System.Configuration.dll
Dependency assembly - System.Core.dll
Dependency assembly - System.Data.dll
Dependency assembly - System.Drawing.dll
Dependency assembly - System.EnterpriseServices.dll
Dependency assembly - System.IO.Compression.FileSystem.dll
Dependency assembly - System.IO.Compression.dll
Dependency assembly - System.Net.Http.dll
Dependency assembly - System.Numerics.dll
Dependency assembly - System.Runtime.Serialization.dll
Dependency assembly - System.ServiceModel.Internals.dll
Dependency assembly - System.Transactions.dll
Dependency assembly - System.Xml.Linq.dll
Dependency assembly - System.Xml.dll
Dependency assembly - System.dll
Dependency assembly - mscorlib.dll
Dependency assembly - Assembly-CSharp-firstpass.dll
Dependency assembly - Assembly-CSharp.dll
Dependency assembly - Unity.TextMeshPro.dll
Dependency assembly - Unity.Timeline.dll
Dependency assembly - UnityEngine.UI.dll

Unloading 34 Unused Serialized files (Serialized files now loaded: 0)
System memory in use before: 47.8 MB.
System memory in use after: 37.2 MB.

Unloading 104 unused Assets to reduce memory usage. Loaded Objects now: 1516.
Total: 4.227400 ms (FindLiveObjects: 0.193100 ms CreateObjectMapping: 0.042600 ms MarkObjects: 3.627000 ms  DeleteObjects: 0.361300 ms)

[EnlightenBakeManager] m_Clear = false;
Unloading 1 Unused Serialized files (Serialized files now loaded: 0)
Setting up 1 worker threads for Enlighten.
  Thread -> id: 7f6204ec5700 -> priority: 1 
System memory in use before: 35.7 MB.
System memory in use after: 35.8 MB.

Unloading 0 unused Assets to reduce memory usage. Loaded Objects now: 1525.
Total: 3.652300 ms (FindLiveObjects: 0.203600 ms CreateObjectMapping: 0.042700 ms MarkObjects: 3.398300 ms  DeleteObjects: 0.004400 ms)

Unloading 1 Unused Serialized files (Serialized files now loaded: 0)
System memory in use before: 132.9 MB.
System memory in use after: 35.9 MB.

Unloading 148 unused Assets to reduce memory usage. Loaded Objects now: 1513.
Total: 22.248000 ms (FindLiveObjects: 0.203900 ms CreateObjectMapping: 0.040900 ms MarkObjects: 3.488200 ms  DeleteObjects: 18.511200 ms)

Launched and connected shader compiler UnityShaderCompiler after 0.02 seconds
DisplayProgressbar: Compiling shader variants
Launched and connected shader compiler UnityShaderCompiler after 0.01 seconds
DisplayProgressbar: Building Player
DisplayProgressbar: Compiling shader variants
DisplayProgressbar: Building Player

-------------------------------------------------------------------------------
Build Report
Uncompressed usage by category (Percentages based on user generated assets only):
Textures               10.1 mb	 39.4% 
Meshes                 178.8 kb	 0.7% 
Animations             0.0 kb	 0.0% 
Sounds                 285.1 kb	 1.1% 
Shaders                243.9 kb	 0.9% 
Other Assets           7.4 kb	 0.0% 
Levels                 70.5 kb	 0.3% 
Scripts                751.2 kb	 2.9% 
Included DLLs          13.3 mb	 51.7% 
File headers           817.7 kb	 3.1% 
Total User Assets      25.7 mb	 100.0% 
Complete build size    65.7 mb
Used Assets and files from the Resources folder, sorted by uncompressed size:
 8.0 mb	 12.2% Assets/Shared Assets/Textures/Arena/ArenaSkybox.exr
 1.3 mb	 2.0% Assets/Let's Try Shooter/Textures/ShooterFPSWeapon2Occlusion.tif
 682.8 kb	 1.0% Assets/Shared Assets/Textures/Arena/ArenaGridAlbedo.tif
 245.2 kb	 0.4% Resources/unity_builtin_extra
 177.0 kb	 0.3% Assets/Shared Assets/Models/Shooter/ShooterFPSWeapon.fbx
 128.4 kb	 0.2% Assets/Let's Try Shooter/Scenes/ShootingWithRaycasts/ReflectionProbe-0.exr
 122.7 kb	 0.2% Assets/Shared Assets/Audio/ShooterWeapon.aif
 48.7 kb	 0.1% Assets/Standard Assets/Characters/FirstPersonCharacter/Audio/Footstep02.wav
 47.1 kb	 0.1% Assets/Standard Assets/Characters/FirstPersonCharacter/Audio/Footstep01.wav
 44.6 kb	 0.1% Assets/Standard Assets/Characters/FirstPersonCharacter/Audio/Land.wav
 22.0 kb	 0.0% Assets/Standard Assets/Characters/FirstPersonCharacter/Audio/Jump.wav
 2.8 kb	 0.0% Assets/Let's Try Shooter/Textures/ShooterFPSWeaponAlbedo.tif
 1.2 kb	 0.0% Assets/Shared Assets/Models/Arena/ArenaWalls.fbx
 0.9 kb	 0.0% Assets/Let's Try Shooter/Materials/ShooterFPSWeapon.mat
 0.9 kb	 0.0% Assets/Shared Assets/Materials/Walls/WallsSkirt.mat
 0.9 kb	 0.0% Assets/Shared Assets/Materials/Walls/WallsMain.mat
 0.9 kb	 0.0% Assets/Shared Assets/Materials/Arena/ArenaWalls.mat
 0.9 kb	 0.0% Assets/Shared Assets/Materials/Arena/ArenaFloor.mat
 0.9 kb	 0.0% Assets/Let's Try Shooter/Materials/CubeMaterial.mat
 0.6 kb	 0.0% Assets/Shared Assets/Models/Arena/ArenaFloor.fbx
 0.5 kb	 0.0% Assets/Shared Assets/Materials/Arena/ArenaSkybox.mat
 0.2 kb	 0.0% Packages/com.unity.test-framework/UnityEngine.TestRunner/NUnitExtensions/Runner/RestoreTestContextAfterDomainReload.cs
 0.2 kb	 0.0% Packages/com.unity.ugui/Tests/Runtime/Canvas/RectMask2DWithNestedCanvasCullsUsingCorrectCanvasRect.cs
 0.2 kb	 0.0% Packages/com.unity.test-framework/UnityEngine.TestRunner/NUnitExtensions/Runner/UnityLogCheckDelegatingCommand.cs
 0.2 kb	 0.0% Assets/Standard Assets/Characters/FirstPersonCharacter/Scripts/RigidbodyFirstPersonController.cs
 0.2 kb	 0.0% Packages/com.unity.timeline/Runtime/AssetUpgrade/AnimationPlayableAssetUpgrade.cs
 0.2 kb	 0.0% Packages/com.unity.test-framework/UnityEngine.TestRunner/NUnitExtensions/Runner/UnityTestExecutionContext.cs
 0.2 kb	 0.0% Packages/com.unity.test-framework/UnityEngine.TestRunner/NUnitExtensions/Commands/EnumerableApplyChangesToContextCommand.cs
 0.2 kb	 0.0% Packages/com.unity.test-framework/UnityEngine.TestRunner/Utils/Vector4ComparerWithEqualsOperator.cs
 0.2 kb	 0.0% Packages/com.unity.test-framework/UnityEngine.TestRunner/Utils/Vector3ComparerWithEqualsOperator.cs
 0.2 kb	 0.0% Packages/com.unity.test-framework/UnityEngine.TestRunner/Utils/Vector2ComparerWithEqualsOperator.cs
 0.2 kb	 0.0% Packages/com.unity.test-framework/UnityEngine.TestRunner/TestRunner/RemoteHelpers/RemoteTestResultDataWithTestData.cs
 0.2 kb	 0.0% Packages/com.unity.test-framework/UnityEngine.TestRunner/TestRunner/Callbacks/TestResultRendererCallback.cs
 0.2 kb	 0.0% Assets/Standard Assets/CrossPlatformInput/Scripts/CrossPlatformInputManager.cs
 0.2 kb	 0.0% Packages/com.unity.test-framework/UnityEngine.TestRunner/TestRunner/PlaymodeTestsControllerSettings.cs
 0.2 kb	 0.0% Packages/com.unity.test-framework/UnityEngine.TestRunner/NUnitExtensions/Runner/UnityWorkItemDataHolder.cs
 0.2 kb	 0.0% Packages/com.unity.test-framework/UnityEngine.TestRunner/NUnitExtensions/Runner/UnityTestAssemblyRunner.cs
 0.2 kb	 0.0% Packages/com.unity.test-framework/UnityEngine.TestRunner/NUnitExtensions/Runner/PlaymodeWorkItemFactory.cs
 0.2 kb	 0.0% Packages/com.unity.test-framework/UnityEngine.TestRunner/NUnitExtensions/Runner/CoroutineTestWorkItem.cs
 0.2 kb	 0.0% Packages/com.unity.test-framework/UnityEngine.TestRunner/NUnitExtensions/Filters/CategoryFilterExtended.cs
 0.2 kb	 0.0% Packages/com.unity.test-framework/UnityEngine.TestRunner/Assertions/UnexpectedLogMessageException.cs
 0.2 kb	 0.0% Assets/Standard Assets/Characters/FirstPersonCharacter/Scripts/FirstPersonController.cs
 0.2 kb	 0.0% Packages/com.unity.test-framework/UnityEngine.TestRunner/TestRunner/RemoteHelpers/RemoteTestResultDataFactory.cs
 0.2 kb	 0.0% Packages/com.unity.test-framework/UnityEngine.TestRunner/TestRunner/RemoteHelpers/PlayerConnectionMessageIds.cs
 0.2 kb	 0.0% Packages/com.unity.test-framework/UnityEngine.TestRunner/TestRunner/Callbacks/RemoteTestResultSender.cs
 0.2 kb	 0.0% Packages/com.unity.test-framework/UnityEngine.TestRunner/TestRunner/Callbacks/PlayModeRunnerCallback.cs
 0.2 kb	 0.0% Packages/com.unity.test-framework/UnityEngine.TestRunner/Assertions/AllocatingGCMemoryConstraint.cs
 0.2 kb	 0.0% Assets/Standard Assets/CrossPlatformInput/Scripts/PlatformSpecific/StandaloneInput.cs
 0.1 kb	 0.0% Packages/com.unity.test-framework/UnityEngine.TestRunner/NUnitExtensions/UnityTestAssemblyBuilder.cs
 0.1 kb	 0.0% Packages/com.unity.test-framework/UnityEngine.TestRunner/NUnitExtensions/Runner/TestCommandBuilder.cs
 0.1 kb	 0.0% Packages/com.unity.test-framework/UnityEngine.TestRunner/NUnitExtensions/Runner/DefaultTestWorkItem.cs
 0.1 kb	 0.0% Packages/com.unity.test-framework/UnityEngine.TestRunner/NUnitExtensions/Runner/CompositeWorkItem.cs
 0.1 kb	 0.0% Packages/com.unity.test-framework/UnityEngine.TestRunner/NUnitExtensions/Filters/AssemblyNameFilter.cs
 0.1 kb	 0.0% Packages/com.unity.test-framework/UnityEngine.TestRunner/NUnitExtensions/Commands/EnumerableSetUpTearDownCommand.cs
 0.1 kb	 0.0% Packages/com.unity.test-framework/UnityEngine.TestRunner/NUnitExtensions/Commands/EnumerableRepeatedTestCommand.cs
 0.1 kb	 0.0% Packages/com.unity.test-framework/UnityEngine.TestRunner/NUnitExtensions/Attributes/TestMustExpectAllLogsAttribute.cs
 0.1 kb	 0.0% Packages/com.unity.test-framework/UnityEngine.TestRunner/Assertions/UnityTestTimeoutException.cs
 0.1 kb	 0.0% Packages/com.unity.test-framework/UnityEngine.TestRunner/Assertions/UnhandledLogMessageException.cs
 0.1 kb	 0.0% Packages/com.unity.test-framework/UnityEngine.TestRunner/Assertions/InvalidSignatureException.cs
 0.1 kb	 0.0% Packages/com.unity.ugui/Tests/Runtime/Canvas/CanvasScalerWithChildTextObjectDoesNotCrash.cs
 0.1 kb	 0.0% Packages/com.unity.test-framework/UnityEngine.TestRunner/Utils/QuaternionEqualityComparer.cs
 0.1 kb	 0.0% Packages/com.unity.test-framework/UnityEngine.TestRunner/Utils/AssemblyProvider/PlayerTestAssemblyProvider.cs
 0.1 kb	 0.0% Packages/com.unity.test-framework/UnityEngine.TestRunner/TestRunner/Callbacks/TestResultRenderer.cs
 0.1 kb	 0.0% Assets/Standard Assets/CrossPlatformInput/Scripts/PlatformSpecific/MobileInput.cs
 0.1 kb	 0.0% Assets/Standard Assets/CrossPlatformInput/Scripts/InputAxisScrollbar.cs
 0.1 kb	 0.0% Packages/com.unity.test-framework/UnityEngine.TestRunner/Utils/PostBuildCleanupAttribute.cs
 0.1 kb	 0.0% Packages/com.unity.test-framework/UnityEngine.TestRunner/TestRunner/TestEnumeratorWrapper.cs
 0.1 kb	 0.0% Packages/com.unity.test-framework/UnityEngine.TestRunner/TestRunner/PlaymodeTestsController.cs
 0.1 kb	 0.0% Packages/com.unity.test-framework/UnityEngine.TestRunner/NUnitExtensions/TestResultExtensions.cs
 0.1 kb	 0.0% Packages/com.unity.test-framework/UnityEngine.TestRunner/NUnitExtensions/Runner/WorkItemFactory.cs
 0.1 kb	 0.0% Packages/com.unity.test-framework/UnityEngine.TestRunner/NUnitExtensions/Runner/UnityWorkItem.cs
 0.1 kb	 0.0% Packages/com.unity.test-framework/UnityEngine.TestRunner/NUnitExtensions/ConstructDelegator.cs
 0.1 kb	 0.0% Packages/com.unity.test-framework/UnityEngine.TestRunner/NUnitExtensions/Commands/OuterUnityTestActionCommand.cs
 0.1 kb	 0.0% Packages/com.unity.test-framework/UnityEngine.TestRunner/NUnitExtensions/Commands/ImmediateEnumerableCommand.cs
 0.1 kb	 0.0% Packages/com.unity.test-framework/UnityEngine.TestRunner/NUnitExtensions/Commands/EnumerableTestMethodCommand.cs
 0.1 kb	 0.0% Packages/com.unity.test-framework/UnityEngine.TestRunner/NUnitExtensions/Commands/EnumerableRetryTestCommand.cs
 0.1 kb	 0.0% Packages/com.unity.test-framework/UnityEngine.TestRunner/NUnitExtensions/Commands/BeforeAfterTestCommandState.cs
 0.1 kb	 0.0% Packages/com.unity.test-framework/UnityEngine.TestRunner/NUnitExtensions/Attributes/UnityCombinatorialStrategy.cs
 0.1 kb	 0.0% Packages/com.unity.test-framework/UnityEngine.TestRunner/NUnitExtensions/Attributes/ConditionalIgnoreAttribute.cs
 0.1 kb	 0.0% Assets/Standard Assets/Utility/WaypointProgressTracker.cs
 0.1 kb	 0.0% Assets/Standard Assets/Utility/TimedObjectDestructor.cs
 0.1 kb	 0.0% Assets/Standard Assets/Utility/PlatformSpecificContent.cs
 0.1 kb	 0.0% Assets/Standard Assets/Utility/ParticleSystemDestroyer.cs
 0.1 kb	 0.0% Assets/Standard Assets/Utility/DynamicShadowSettings.cs
 0.1 kb	 0.0% Assets/Standard Assets/Utility/AutoMobileShaderSwitch.cs
 0.1 kb	 0.0% Packages/com.unity.ugui/Tests/Runtime/NestedLayout/SceneWithNestedLayoutElementsLoadScript.cs
 0.1 kb	 0.0% Packages/com.unity.ugui/Tests/Runtime/EventSystem/GraphicRaycasterWorldSpaceCanvasTests.cs
 0.1 kb	 0.0% Packages/com.unity.ugui/Tests/Runtime/Canvas/NoActiveCameraInSceneDoesNotCrashEditor.cs
 0.1 kb	 0.0% Packages/com.unity.ugui/Tests/Runtime/Canvas/CanvasSizeCorrectInAwakeAndStartScript.cs
 0.1 kb	 0.0% Packages/com.unity.timeline/Runtime/Animation/AnimationPreviewUpdateCallback.cs
 0.1 kb	 0.0% Packages/com.unity.timeline/Runtime/Animation/AnimationOutputWeightProcessor.cs
 0.1 kb	 0.0% Packages/com.unity.test-framework/UnityEngine.TestRunner/Utils/Vector4EqualityComparer.cs
 0.1 kb	 0.0% Packages/com.unity.test-framework/UnityEngine.TestRunner/Utils/Vector3EqualityComparer.cs
 0.1 kb	 0.0% Packages/com.unity.test-framework/UnityEngine.TestRunner/Utils/Vector2EqualityComparer.cs
 0.1 kb	 0.0% Packages/com.unity.test-framework/UnityEngine.TestRunner/Utils/TestRunCallbackListener.cs
 0.1 kb	 0.0% Packages/com.unity.test-framework/UnityEngine.TestRunner/Utils/FloatEqualityComparer.cs
 0.1 kb	 0.0% Packages/com.unity.test-framework/UnityEngine.TestRunner/Utils/ColorEqualityComparer.cs
 0.1 kb	 0.0% Packages/com.unity.test-framework/UnityEngine.TestRunner/Utils/AssemblyProvider/ScriptingRuntimeProxy.cs
 0.1 kb	 0.0% Packages/com.unity.test-framework/UnityEngine.TestRunner/TestRunner/SynchronousFilter.cs
 0.1 kb	 0.0% Packages/com.unity.test-framework/UnityEngine.TestRunner/TestRunner/RemoteHelpers/RemoteTestResultData.cs
 0.1 kb	 0.0% Assets/Standard Assets/CrossPlatformInput/Scripts/MobileControlRig.cs
 0.1 kb	 0.0% Assets/Standard Assets/CrossPlatformInput/Scripts/ButtonHandler.cs
 0.1 kb	 0.0% Assets/Standard Assets/CrossPlatformInput/Scripts/AxisTouchButton.cs
 0.1 kb	 0.0% Packages/com.unity.ugui/Runtime/UI/Core/Layout/HorizontalOrVerticalLayoutGroup.cs
 0.1 kb	 0.0% Packages/com.unity.test-framework/UnityEngine.TestRunner/Utils/TestRunCallbackAttribute.cs
 0.1 kb	 0.0% Packages/com.unity.test-framework/UnityEngine.TestRunner/TestRunner/TestListenerWrapper.cs
 0.1 kb	 0.0% Packages/com.unity.test-framework/UnityEngine.TestRunner/NUnitExtensions/TestExtensions.cs
 0.1 kb	 0.0% Packages/com.unity.test-framework/UnityEngine.TestRunner/NUnitExtensions/Runner/FailCommand.cs
 0.1 kb	 0.0% Packages/com.unity.test-framework/UnityEngine.TestRunner/NUnitExtensions/BaseDelegator.cs
 0.1 kb	 0.0% Packages/com.unity.test-framework/UnityEngine.TestRunner/NUnitExtensions/Attributes/UnityTearDownAttribute.cs
 0.1 kb	 0.0% Packages/com.unity.test-framework/UnityEngine.TestRunner/NUnitExtensions/Attributes/UnityPlatformAttribute.cs
 0.1 kb	 0.0% Packages/com.unity.test-framework/UnityEngine.TestRunner/NUnitExtensions/ActionDelegator.cs
 0.1 kb	 0.0% Assets/Standard Assets/Utility/TimedObjectActivator.cs
 0.1 kb	 0.0% Assets/Standard Assets/Utility/SimpleMouseRotator.cs
 0.1 kb	 0.0% Assets/Standard Assets/Utility/LerpControlledBob.cs
 0.1 kb	 0.0% Assets/Standard Assets/Utility/CurveControlledBob.cs
 0.1 kb	 0.0% Assets/Standard Assets/Utility/AutoMoveAndRotate.cs
 0.1 kb	 0.0% Assets/Standard Assets/Characters/FirstPersonCharacter/Scripts/MouseLook.cs
 0.1 kb	 0.0% Packages/com.unity.ugui/Tests/Runtime/NestedLayout/SceneWithNestedLayoutElementsLoads.cs
 0.1 kb	 0.0% Packages/com.unity.ugui/Tests/Runtime/Canvas/CoroutineWorksIfUIObjectIsAttached.cs
 0.1 kb	 0.0% Packages/com.unity.timeline/Runtime/Utilities/AnimationPreviewUtilities.cs
 0.1 kb	 0.0% Packages/com.unity.timeline/Runtime/Playables/TimeNotificationBehaviour.cs
 0.1 kb	 0.0% Packages/com.unity.timeline/Runtime/Playables/ActivationControlPlayable.cs
 0.1 kb	 0.0% Packages/com.unity.test-framework/UnityEngine.TestRunner/Utils/AssemblyProvider/AssemblyLoadProxy.cs
 0.1 kb	 0.0% Packages/com.unity.test-framework/UnityEngine.TestRunner/TestRunner/TestRunnerFilter.cs
 0.1 kb	 0.0% Packages/com.unity.test-framework/UnityEngine.TestRunner/TestRunner/RemoteHelpers/RemoteTestData.cs
 0.1 kb	 0.0% Assets/Standard Assets/CrossPlatformInput/Scripts/VirtualInput.cs
 0.1 kb	 0.0% Assets/Standard Assets/CrossPlatformInput/Scripts/TiltInput.cs
 0.1 kb	 0.0% Packages/com.unity.ugui/Tests/Runtime/Util/UIBehaviourExtensions.cs
 0.1 kb	 0.0% Packages/com.unity.ugui/Runtime/EventSystem/InputModules/StandaloneInputModule.cs
 0.1 kb	 0.0% Packages/com.unity.timeline/Runtime/AssetUpgrade/AnimationTrackUpgrade.cs
 0.1 kb	 0.0% Packages/com.unity.test-framework/UnityEngine.TestRunner/TestRunner/Messages/IEditModeTestYieldInstruction.cs
 0.1 kb	 0.0% Packages/com.unity.test-framework/UnityEngine.TestRunner/NUnitExtensions/Commands/TestCommandPcHelper.cs
 0.1 kb	 0.0% Packages/com.unity.test-framework/UnityEngine.TestRunner/NUnitExtensions/Commands/TestActionCommand.cs
 0.1 kb	 0.0% Packages/com.unity.test-framework/UnityEngine.TestRunner/NUnitExtensions/Commands/SetUpTearDownCommand.cs
 0.1 kb	 0.0% Packages/com.unity.test-framework/UnityEngine.TestRunner/NUnitExtensions/Attributes/UnityTestAttribute.cs
 0.1 kb	 0.0% Packages/com.unity.test-framework/UnityEngine.TestRunner/NUnitExtensions/Attributes/UnitySetUpAttribute.cs
 0.1 kb	 0.0% Assets/Standard Assets/Utility/WaypointCircuit.cs
 0.1 kb	 0.0% Assets/Standard Assets/Utility/ObjectResetter.cs
 0.1 kb	 0.0% Assets/Standard Assets/Utility/DragRigidbody.cs
 0.1 kb	 0.0% Assets/Standard Assets/Utility/CameraRefocus.cs
 0.1 kb	 0.0% Assets/Standard Assets/Utility/ActivateTrigger.cs
 0.1 kb	 0.0% Assets/Standard Assets/Characters/FirstPersonCharacter/Scripts/HeadBob.cs
 0.1 kb	 0.0% Packages/com.unity.ugui/Tests/Runtime/InputField/GenericInputFieldTests.cs
 0.1 kb	 0.0% Packages/com.unity.ugui/Tests/Runtime/InputField/DesktopInputFieldTests.cs
 0.1 kb	 0.0% Packages/com.unity.ugui/Tests/Runtime/Canvas/RectTransformValidAfterEnable.cs
 0.1 kb	 0.0% Packages/com.unity.ugui/Tests/Runtime/Canvas/NestedCanvasMaintainsCorrectSize.cs
 0.1 kb	 0.0% Packages/com.unity.ugui/Tests/Runtime/Canvas/CheckMeshColorsAndColors32Match.cs
 0.1 kb	 0.0% Packages/com.unity.ugui/Tests/Runtime/Canvas/CanvasSizeCorrectInAwakeAndStart.cs
 0.1 kb	 0.0% Packages/com.unity.ugui/Tests/Runtime/Canvas/BridgeScriptForRetainingObjects.cs
 0.1 kb	 0.0% Packages/com.unity.timeline/Runtime/Utilities/TimelineCreateUtilities.cs
 0.1 kb	 0.0% Packages/com.unity.timeline/Runtime/Utilities/NotificationUtilities.cs
 0.1 kb	 0.0% Packages/com.unity.timeline/Runtime/Playables/PrefabControlPlayable.cs
 0.1 kb	 0.0% Packages/com.unity.timeline/Runtime/Playables/ParticleControlPlayable.cs
 0.1 kb	 0.0% Packages/com.unity.timeline/Runtime/Playables/DirectorControlPlayable.cs
 0.1 kb	 0.0% Packages/com.unity.timeline/Runtime/Events/Signals/CustomSignalEventDrawer.cs
 0.1 kb	 0.0% Packages/com.unity.timeline/Runtime/Animation/AnimationPlayableAsset.cs
 0.1 kb	 0.0% Packages/com.unity.timeline/Runtime/Activation/ActivationPlayableAsset.cs
 0.1 kb	 0.0% Packages/com.unity.timeline/Runtime/Activation/ActivationMixerPlayable.cs
 0.1 kb	 0.0% Packages/com.unity.textmeshpro/Scripts/Runtime/TMP_ScrollbarEventHandler.cs
 0.1 kb	 0.0% Packages/com.unity.textmeshpro/Scripts/Runtime/TMP_PackageResourceImporter.cs
 0.1 kb	 0.0% Packages/com.unity.textmeshpro/Scripts/Runtime/TMP_EditorResourceManager.cs
 0.1 kb	 0.0% Packages/com.unity.test-framework/UnityEngine.TestRunner/Utils/CoroutineRunner.cs
 0.1 kb	 0.0% Packages/com.unity.test-framework/UnityEngine.TestRunner/Utils/AssemblyProvider/AssemblyWrapper.cs
 0.1 kb	 0.0% Assets/Standard Assets/CrossPlatformInput/Scripts/TouchPad.cs
 0.1 kb	 0.0% Assets/Standard Assets/CrossPlatformInput/Scripts/Joystick.cs
 0.1 kb	 0.0% Packages/com.unity.ugui/Tests/Runtime/Util/GraphicTestHelper.cs
 0.1 kb	 0.0% Packages/com.unity.ugui/Tests/Runtime/Util/ExceptionUtils.cs
 0.1 kb	 0.0% Packages/com.unity.ugui/Tests/Runtime/Layout/VerticalLayoutGroupTests.cs
 0.1 kb	 0.0% Packages/com.unity.ugui/Tests/Runtime/Layout/ContentSizeFitterTests.cs
 0.1 kb	 0.0% Packages/com.unity.ugui/Runtime/UI/Core/Utility/ReflectionMethodsCache.cs
 0.1 kb	 0.0% Packages/com.unity.ugui/Runtime/UI/Core/MultipleDisplayUtilities.cs
 0.1 kb	 0.0% Packages/com.unity.ugui/Runtime/UI/Core/Layout/HorizontalLayoutGroup.cs
 0.1 kb	 0.0% Packages/com.unity.ugui/Runtime/UI/Core/GraphicRebuildTracker.cs
 0.1 kb	 0.0% Packages/com.unity.ugui/Runtime/UI/Core/Culling/RectangularVertexClipper.cs
 0.1 kb	 0.0% Packages/com.unity.ugui/Runtime/EventSystem/Raycasters/Physics2DRaycaster.cs
 0.1 kb	 0.0% Packages/com.unity.ugui/Runtime/EventSystem/InputModules/PointerInputModule.cs
 0.1 kb	 0.0% Packages/com.unity.test-framework/UnityEngine.TestRunner/Utils/PrebuildSceneSetupAttribute.cs
 0.1 kb	 0.0% Packages/com.unity.test-framework/UnityEngine.TestRunner/Utils/AttributeHelper.cs
 0.1 kb	 0.0% Packages/com.unity.test-framework/UnityEngine.TestRunner/TestRunner/RemoteHelpers/IRemoteTestResultDataFactory.cs
 0.1 kb	 0.0% Packages/com.unity.test-framework/UnityEngine.TestRunner/NUnitExtensions/Runner/IEnumerableTestMethodCommand.cs
 0.1 kb	 0.0% Packages/com.unity.test-framework/UnityEngine.TestRunner/NUnitExtensions/IAsyncTestAssemblyBuilder.cs
 0.1 kb	 0.0% Packages/com.unity.test-framework/UnityEngine.TestRunner/NUnitExtensions/Commands/BeforeAfterTestCommandBase.cs
 0.1 kb	 0.0% Packages/com.unity.test-framework/UnityEngine.TestRunner/NUnitExtensions/Attributes/TestEnumerator.cs
 0.1 kb	 0.0% Assets/Standard Assets/Utility/SmoothFollow.cs
 0.1 kb	 0.0% Assets/Standard Assets/Utility/FollowTarget.cs
 0.1 kb	 0.0% Assets/Standard Assets/Utility/FPSCounter.cs
 0.1 kb	 0.0% Packages/com.unity.ugui/Tests/Runtime/TextEditor/TextEditorBackspaceDelete.cs
 0.1 kb	 0.0% Packages/com.unity.ugui/Tests/Runtime/Layout/HorizonalLayoutGroupTests.cs
 0.1 kb	 0.0% Packages/com.unity.ugui/Tests/Runtime/InputField/TouchInputFieldTests.cs
 0.1 kb	 0.0% Packages/com.unity.ugui/Tests/Runtime/Canvas/SiblingOrderChangesLayout.cs
 0.1 kb	 0.0% Packages/com.unity.ugui/Tests/Runtime/Canvas/CanvasGroupInheritedAlpha.cs
 0.1 kb	 0.0% Packages/com.unity.timeline/Runtime/Utilities/AnimatorBindingCache.cs
 0.1 kb	 0.0% Packages/com.unity.timeline/Runtime/Playables/TimeControlPlayable.cs
 0.1 kb	 0.0% Packages/com.unity.timeline/Runtime/Evaluation/ScheduleRuntimeClip.cs
 0.1 kb	 0.0% Packages/com.unity.timeline/Runtime/Evaluation/InfiniteRuntimeClip.cs
 0.1 kb	 0.0% Packages/com.unity.timeline/Runtime/Control/ControlPlayableAsset.cs
 0.1 kb	 0.0% Packages/com.unity.timeline/Runtime/Audio/AudioPlayableAsset.cs
 0.1 kb	 0.0% Packages/com.unity.timeline/Runtime/Audio/AudioMixerProperties.cs
 0.1 kb	 0.0% Packages/com.unity.timeline/Runtime/Audio/AudioClipProperties.cs
 0.1 kb	 0.0% Packages/com.unity.timeline/Runtime/Attributes/TrackColorAttribute.cs
 0.1 kb	 0.0% Packages/com.unity.textmeshpro/Scripts/Runtime/TMPro_ExtensionMethods.cs
 0.1 kb	 0.0% Packages/com.unity.textmeshpro/Scripts/Runtime/TMP_TextParsingUtilities.cs
 0.1 kb	 0.0% Packages/com.unity.textmeshpro/Scripts/Runtime/TMP_TextElement_Legacy.cs
 0.1 kb	 0.0% Packages/com.unity.textmeshpro/Scripts/Runtime/TMP_SpriteAssetImportFormats.cs
 0.1 kb	 0.0% Packages/com.unity.textmeshpro/Scripts/Runtime/TMP_FontAssetUtilities.cs
 0.1 kb	 0.0% Packages/com.unity.textmeshpro/Scripts/Runtime/MaterialReferenceManager.cs
 0.1 kb	 0.0% Packages/com.unity.ugui/Tests/Runtime/Util/ConcreteGraphic.cs
 0.1 kb	 0.0% Packages/com.unity.ugui/Tests/Runtime/Toggle/TestableToggleGroup.cs
 0.1 kb	 0.0% Packages/com.unity.ugui/Tests/Runtime/Layout/LayoutGroupScaling.cs
 0.1 kb	 0.0% Packages/com.unity.ugui/Tests/Runtime/EventSystem/SelectableTests.cs
 0.1 kb	 0.0% Packages/com.unity.ugui/Runtime/UI/Core/SetPropertyUtility.cs
 0.1 kb	 0.0% Packages/com.unity.ugui/Runtime/UI/Core/Layout/VerticalLayoutGroup.cs
 0.1 kb	 0.0% Packages/com.unity.ugui/Runtime/UI/Core/Layout/ContentSizeFitter.cs
 0.1 kb	 0.0% Packages/com.unity.ugui/Runtime/UI/Core/Layout/AspectRatioFitter.cs
 0.1 kb	 0.0% Packages/com.unity.ugui/Runtime/UI/Core/FontUpdateTracker.cs
 0.1 kb	 0.0% Packages/com.unity.ugui/Runtime/UI/Core/CanvasUpdateRegistry.cs
 0.1 kb	 0.0% Packages/com.unity.ugui/Runtime/UI/Core/AnimationTriggers.cs
 0.1 kb	 0.0% Packages/com.unity.ugui/Runtime/EventSystem/Raycasters/PhysicsRaycaster.cs
 0.1 kb	 0.0% Packages/com.unity.ugui/Runtime/EventSystem/Raycasters/BaseRaycaster.cs
 0.1 kb	 0.0% Packages/com.unity.ugui/Runtime/EventSystem/RaycasterManager.cs
 0.1 kb	 0.0% Packages/com.unity.ugui/Runtime/EventSystem/InputModules/TouchInputModule.cs
 0.1 kb	 0.0% Packages/com.unity.ugui/Runtime/EventSystem/InputModules/BaseInputModule.cs
 0.1 kb	 0.0% Packages/com.unity.ugui/Runtime/EventSystem/ExecuteEvents.cs
 0.1 kb	 0.0% Packages/com.unity.ugui/Runtime/EventSystem/EventData/PointerEventData.cs
 0.1 kb	 0.0% Packages/com.unity.ugui/Runtime/EventSystem/EventData/BaseEventData.cs
 0.1 kb	 0.0% Packages/com.unity.ugui/Runtime/EventSystem/EventData/AxisEventData.cs
 0.1 kb	 0.0% Packages/com.unity.timeline/Runtime/TimelineAsset_CreateRemove.cs
 0.1 kb	 0.0% Packages/com.unity.timeline/Runtime/Events/INotificationOptionProvider.cs
 0.1 kb	 0.0% Packages/com.unity.test-framework/UnityEngine.TestRunner/Utils/IOuterUnityTestAction.cs
 0.1 kb	 0.0% Packages/com.unity.test-framework/UnityEngine.TestRunner/Utils/AssemblyProvider/ITestAssemblyProvider.cs
 0.1 kb	 0.0% Packages/com.unity.test-framework/UnityEngine.TestRunner/Utils/AssemblyProvider/IScriptingRuntimeProxy.cs
 0.1 kb	 0.0% Packages/com.unity.test-framework/UnityEngine.TestRunner/Assertions/LogScope/LogScope.cs
 0.1 kb	 0.0% Packages/com.unity.test-framework/UnityEngine.TestRunner/Assertions/LogScope/LogMatch.cs
 0.1 kb	 0.0% Packages/com.unity.test-framework/UnityEngine.TestRunner/Assertions/LogScope/LogEvent.cs
 0.1 kb	 0.0% Packages/com.unity.test-framework/UnityEngine.TestRunner/Assertions/LogAssert.cs
 0.1 kb	 0.0% Packages/com.unity.test-framework/UnityEngine.TestRunner/Assertions/ConstraintsExtensions.cs
 0.1 kb	 0.0% Assets/Standard Assets/Utility/FOVKick.cs
 0.1 kb	 0.0% Packages/com.unity.ugui/Tests/Runtime/ScrollRect/ScrollRectStableLayout.cs
 0.1 kb	 0.0% Packages/com.unity.ugui/Tests/Runtime/MaskClipping/RectMask2DClipping.cs
 0.1 kb	 0.0% Packages/com.unity.ugui/Tests/Runtime/LayoutGroup/LayoutGroupArrangement.cs
 0.1 kb	 0.0% Packages/com.unity.ugui/Tests/Runtime/InputField/FakeInputModule.cs
 0.1 kb	 0.0% Packages/com.unity.ugui/Tests/Runtime/Image/ImageFilledGenerateWork.cs
 0.1 kb	 0.0% Packages/com.unity.ugui/Tests/Runtime/EventSystem/PhysicsRaycasterTests.cs
 0.1 kb	 0.0% Packages/com.unity.ugui/Tests/Runtime/EventSystem/GraphicRaycasterTests.cs
 0.1 kb	 0.0% Packages/com.unity.timeline/Runtime/Utilities/WeightUtility.cs
 0.1 kb	 0.0% Packages/com.unity.timeline/Runtime/Utilities/Extrapolation.cs
 0.1 kb	 0.0% Packages/com.unity.timeline/Runtime/TimelinePlayable.cs
 0.1 kb	 0.0% Packages/com.unity.timeline/Runtime/TimelineAsset.cs
 0.1 kb	 0.0% Packages/com.unity.timeline/Runtime/Scripting/PlayableTrack.cs
 0.1 kb	 0.0% Packages/com.unity.timeline/Runtime/Events/Signals/SignalReceiver.cs
 0.1 kb	 0.0% Packages/com.unity.timeline/Runtime/Events/Signals/SignalEmitter.cs
 0.1 kb	 0.0% Packages/com.unity.timeline/Runtime/Evaluation/RuntimeElement.cs
 0.1 kb	 0.0% Packages/com.unity.timeline/Runtime/Evaluation/RuntimeClipBase.cs
 0.1 kb	 0.0% Packages/com.unity.timeline/Runtime/Animation/AnimationTrack.cs
 0.1 kb	 0.0% Packages/com.unity.timeline/Runtime/Activation/ActivationTrack.cs
 0.1 kb	 0.0% Packages/com.unity.textmeshpro/Scripts/Runtime/TMPro_EventManager.cs
 0.1 kb	 0.0% Packages/com.unity.textmeshpro/Scripts/Runtime/TMP_UpdateManager.cs
 0.1 kb	 0.0% Packages/com.unity.textmeshpro/Scripts/Runtime/TMP_TextUtilities.cs
 0.1 kb	 0.0% Packages/com.unity.textmeshpro/Scripts/Runtime/TMP_SpriteCharacter.cs
 0.1 kb	 0.0% Packages/com.unity.textmeshpro/Scripts/Runtime/TMP_SpriteAnimator.cs
 0.1 kb	 0.0% Packages/com.unity.textmeshpro/Scripts/Runtime/TMP_SelectionCaret.cs
 0.1 kb	 0.0% Packages/com.unity.textmeshpro/Scripts/Runtime/TMP_RichTextTagsCommon.cs
 0.1 kb	 0.0% Packages/com.unity.textmeshpro/Scripts/Runtime/TMP_MaterialManager.cs
 0.1 kb	 0.0% Packages/com.unity.textmeshpro/Scripts/Runtime/TMP_InputValidator.cs
 0.1 kb	 0.0% Packages/com.unity.textmeshpro/Scripts/Runtime/TMP_FontFeaturesCommon.cs
 0.1 kb	 0.0% Packages/com.unity.textmeshpro/Scripts/Runtime/TMP_FontFeatureTable.cs
 0.1 kb	 0.0% Packages/com.unity.textmeshpro/Scripts/Runtime/TMP_DefaultControls.cs
 0.1 kb	 0.0% Packages/com.unity.textmeshpro/Scripts/Runtime/TMP_ColorGradient.cs
 0.1 kb	 0.0% Packages/com.unity.test-framework/UnityEngine.TestRunner/Utils/Utils.cs
 0.1 kb	 0.0% Packages/com.unity.test-framework/UnityEngine.TestRunner/Assertions/Is.cs
 0.1 kb	 0.0% Assets/Standard Assets/Utility/EventSystemChecker.cs
 0.1 kb	 0.0% Assets/Standard Assets/Utility/AlphaButtonClickMask.cs
 0.1 kb	 0.0% Packages/com.unity.ugui/Tests/Runtime/Util/ImageHook.cs
 0.1 kb	 0.0% Packages/com.unity.ugui/Tests/Runtime/Toggle/ToggleGroupTests.cs
 0.1 kb	 0.0% Packages/com.unity.ugui/Tests/Runtime/Graphic/ImageTests.cs
 0.1 kb	 0.0% Packages/com.unity.ugui/Runtime/UI/Core/VertexModifiers/PositionAsUV1.cs
 0.1 kb	 0.0% Packages/com.unity.ugui/Runtime/UI/Core/VertexModifiers/BaseMeshEffect.cs
 0.1 kb	 0.0% Packages/com.unity.ugui/Runtime/UI/Core/StencilMaterial.cs
 0.1 kb	 0.0% Packages/com.unity.ugui/Runtime/UI/Core/MaskableGraphic.cs
 0.1 kb	 0.0% Packages/com.unity.ugui/Runtime/UI/Core/MaskUtilities.cs
 0.1 kb	 0.0% Packages/com.unity.ugui/Runtime/UI/Core/Layout/LayoutUtility.cs
 0.1 kb	 0.0% Packages/com.unity.ugui/Runtime/UI/Core/Layout/LayoutRebuilder.cs
 0.1 kb	 0.0% Packages/com.unity.ugui/Runtime/UI/Core/Layout/LayoutElement.cs
 0.1 kb	 0.0% Packages/com.unity.ugui/Runtime/UI/Core/Layout/GridLayoutGroup.cs
 0.1 kb	 0.0% Packages/com.unity.ugui/Runtime/UI/Core/IGraphicEnabledDisabled.cs
 0.1 kb	 0.0% Packages/com.unity.ugui/Runtime/UI/Core/GraphicRegistry.cs
 0.1 kb	 0.0% Packages/com.unity.ugui/Runtime/UI/Core/GraphicRaycaster.cs
 0.1 kb	 0.0% Packages/com.unity.ugui/Runtime/UI/Core/DefaultControls.cs
 0.1 kb	 0.0% Packages/com.unity.ugui/Runtime/UI/Core/Culling/ClipperRegistry.cs
 0.1 kb	 0.0% Packages/com.unity.ugui/Runtime/EventSystem/UIBehaviour.cs
 0.1 kb	 0.0% Packages/com.unity.ugui/Runtime/EventSystem/InputModules/BaseInput.cs
 0.1 kb	 0.0% Packages/com.unity.ugui/Runtime/EventSystem/EventTrigger.cs
 0.1 kb	 0.0% Packages/com.unity.ugui/Runtime/EventSystem/EventSystem.cs
 0.1 kb	 0.0% Packages/com.unity.textmeshpro/Tests/Runtime/TMP_RuntimeTests.cs
 0.1 kb	 0.0% Packages/com.unity.test-framework/UnityEngine.TestRunner/Utils/MonoBehaviourTest/MonoBehaviourTest.cs
 0.1 kb	 0.0% Packages/com.unity.test-framework/UnityEngine.TestRunner/Utils/MonoBehaviourTest/IMonoBehaviourTest.cs
 0.1 kb	 0.0% Packages/com.unity.test-framework/UnityEngine.TestRunner/Utils/IPrebuildSceneSetup.cs
 0.1 kb	 0.0% Packages/com.unity.test-framework/UnityEngine.TestRunner/Utils/IPostBuildCleanup.cs
 0.1 kb	 0.0% Packages/com.unity.test-framework/UnityEngine.TestRunner/Utils/AssemblyProvider/IAssemblyLoadProxy.cs
 0.1 kb	 0.0% Packages/com.unity.test-framework/UnityEngine.TestRunner/TestRunner/ITestRunnerListener.cs
 0.1 kb	 0.0% Packages/com.unity.ugui/Tests/Runtime/Util/PrivateFieldSetter.cs
 0.1 kb	 0.0% Packages/com.unity.ugui/Tests/Runtime/Layout/GridLayoutGroupTests.cs
 0.1 kb	 0.0% Packages/com.unity.ugui/Tests/Runtime/Graphic/ToggleTestImageHook.cs
 0.1 kb	 0.0% Packages/com.unity.ugui/Tests/Runtime/EventSystem/RaycastSortingTests.cs
 0.1 kb	 0.0% Packages/com.unity.ugui/Tests/Runtime/EventSystem/InputModuleTests/DragCallbackCheck.cs
 0.1 kb	 0.0% Packages/com.unity.ugui/Tests/Runtime/Canvas/CreateSceneUtility.cs
 0.1 kb	 0.0% Packages/com.unity.timeline/Runtime/Utilities/TimelineUndo.cs
 0.1 kb	 0.0% Packages/com.unity.timeline/Runtime/Utilities/TimeUtility.cs
 0.1 kb	 0.0% Packages/com.unity.timeline/Runtime/Utilities/HashUtility.cs
 0.1 kb	 0.0% Packages/com.unity.timeline/Runtime/TrackAsset.cs
 0.1 kb	 0.0% Packages/com.unity.timeline/Runtime/TimelineClip.cs
 0.1 kb	 0.0% Packages/com.unity.timeline/Runtime/GroupTrack.cs
 0.1 kb	 0.0% Packages/com.unity.timeline/Runtime/Events/Signals/SignalAsset.cs
 0.1 kb	 0.0% Packages/com.unity.timeline/Runtime/Events/SignalTrack.cs
 0.1 kb	 0.0% Packages/com.unity.timeline/Runtime/Events/MarkerTrack.cs
 0.1 kb	 0.0% Packages/com.unity.timeline/Runtime/Evaluation/RuntimeClip.cs
 0.1 kb	 0.0% Packages/com.unity.timeline/Runtime/Control/ControlTrack.cs
 0.1 kb	 0.0% Packages/com.unity.timeline/Runtime/Audio/AudioTrack.cs
 0.1 kb	 0.0% Packages/com.unity.textmeshpro/Scripts/Runtime/TextMeshProUGUI.cs
 0.1 kb	 0.0% Packages/com.unity.textmeshpro/Scripts/Runtime/TextContainer.cs
 0.1 kb	 0.0% Packages/com.unity.textmeshpro/Scripts/Runtime/TMPro_UGUI_Private.cs
 0.1 kb	 0.0% Packages/com.unity.textmeshpro/Scripts/Runtime/TMPro_MeshUtilities.cs
 0.1 kb	 0.0% Packages/com.unity.textmeshpro/Scripts/Runtime/TMP_UpdateRegistery.cs
 0.1 kb	 0.0% Packages/com.unity.textmeshpro/Scripts/Runtime/TMP_TextElement.cs
 0.1 kb	 0.0% Packages/com.unity.textmeshpro/Scripts/Runtime/TMP_SubMeshUI.cs
 0.1 kb	 0.0% Packages/com.unity.textmeshpro/Scripts/Runtime/TMP_StyleSheet.cs
 0.1 kb	 0.0% Packages/com.unity.textmeshpro/Scripts/Runtime/TMP_SpriteGlyph.cs
 0.1 kb	 0.0% Packages/com.unity.textmeshpro/Scripts/Runtime/TMP_SpriteAsset.cs
 0.1 kb	 0.0% Packages/com.unity.textmeshpro/Scripts/Runtime/TMP_ShaderUtilities.cs
 0.1 kb	 0.0% Packages/com.unity.textmeshpro/Scripts/Runtime/TMP_RichTextTagStack.cs
 0.1 kb	 0.0% Packages/com.unity.textmeshpro/Scripts/Runtime/TMP_InputField.cs
 0.1 kb	 0.0% Packages/com.unity.textmeshpro/Scripts/Runtime/TMP_FontAssetCommon.cs
 0.1 kb	 0.0% Packages/com.unity.textmeshpro/Scripts/Runtime/TMP_FontAsset.cs
 0.1 kb	 0.0% Packages/com.unity.textmeshpro/Scripts/Runtime/TMP_CoroutineTween.cs
 0.1 kb	 0.0% Packages/com.unity.textmeshpro/Scripts/Runtime/TMP_CharacterInfo.cs
 0.1 kb	 0.0% Packages/com.unity.textmeshpro/Scripts/Runtime/TMP_Character.cs
 0.1 kb	 0.0% Packages/com.unity.ugui/Tests/Runtime/Toggle/ToggleTests.cs
 0.1 kb	 0.0% Packages/com.unity.ugui/Runtime/UI/Core/Utility/VertexHelper.cs
 0.1 kb	 0.0% Packages/com.unity.ugui/Runtime/UI/Core/ToggleGroup.cs
 0.1 kb	 0.0% Packages/com.unity.ugui/Runtime/UI/Core/Selectable.cs
 0.1 kb	 0.0% Packages/com.unity.ugui/Runtime/UI/Core/Scrollbar.cs
 0.1 kb	 0.0% Packages/com.unity.ugui/Runtime/UI/Core/ScrollRect.cs
 0.1 kb	 0.0% Packages/com.unity.ugui/Runtime/UI/Core/RectMask2D.cs
 0.1 kb	 0.0% Packages/com.unity.ugui/Runtime/UI/Core/MaterialModifiers/IMaterialModifier.cs
 0.1 kb	 0.0% Packages/com.unity.ugui/Runtime/UI/Core/Layout/LayoutGroup.cs
 0.1 kb	 0.0% Packages/com.unity.ugui/Runtime/UI/Core/Layout/CanvasScaler.cs
 0.1 kb	 0.0% Packages/com.unity.ugui/Runtime/UI/Core/InputField.cs
 0.1 kb	 0.0% Packages/com.unity.timeline/Runtime/Utilities/IPropertyCollector.cs
 0.1 kb	 0.0% Packages/com.unity.timeline/Runtime/TimelineAttributes.cs
 0.1 kb	 0.0% Packages/com.unity.timeline/Runtime/Timeline.deprecated.cs
 0.1 kb	 0.0% Packages/com.unity.timeline/Runtime/Playables/NotificationFlags.cs
 0.1 kb	 0.0% Packages/com.unity.timeline/Runtime/Playables/BasicScriptPlayable.cs
 0.1 kb	 0.0% Packages/com.unity.test-framework/UnityEngine.TestRunner/Utils/StacktraceFilter.cs
 0.1 kb	 0.0% Packages/com.unity.test-framework/UnityEngine.TestRunner/Utils/ITestRunCallback.cs
 0.1 kb	 0.0% Packages/com.unity.test-framework/UnityEngine.TestRunner/Utils/AssemblyProvider/IAssemblyWrapper.cs
 0.1 kb	 0.0% Packages/com.unity.test-framework/UnityEngine.TestRunner/NUnitExtensions/IStateSerializer.cs
 0.1 kb	 0.0% Assets/Let's Try Shooter/Scripts/CompletedScripts/RayViewerComplete.cs
 0.1 kb	 0.0% Assets/Let's Try Shooter/Scripts/CompletedScripts/RayCastShootComplete.cs
 0.1 kb	 0.0% Packages/com.unity.ugui/Tests/Runtime/TextEditor/TextEditorTests.cs
 0.1 kb	 0.0% Packages/com.unity.ugui/Tests/Runtime/ScrollRect/ScrollRectTests.cs
 0.1 kb	 0.0% Packages/com.unity.ugui/Tests/Runtime/ScrollRect/ScrollRectScale.cs
 0.1 kb	 0.0% Packages/com.unity.ugui/Tests/Runtime/ScrollRect/ScrollRectClamp.cs
 0.1 kb	 0.0% Packages/com.unity.ugui/Tests/Runtime/ScrollBar/ScrollBarTests.cs
 0.1 kb	 0.0% Packages/com.unity.ugui/Tests/Runtime/ScrollBar/ScrollBarClamp.cs
 0.1 kb	 0.0% Packages/com.unity.ugui/Tests/Runtime/InputField/InputFieldTests.cs
 0.1 kb	 0.0% Packages/com.unity.ugui/Tests/Runtime/Image/TestableImage.cs
 0.1 kb	 0.0% Packages/com.unity.ugui/Tests/Runtime/Graphic/RawImageTestHook.cs
 0.1 kb	 0.0% Packages/com.unity.ugui/Tests/Runtime/Graphic/RawImageTest.cs
 0.1 kb	 0.0% Packages/com.unity.ugui/Tests/Runtime/Graphic/MaskTests.cs
 0.1 kb	 0.0% Packages/com.unity.ugui/Tests/Runtime/Graphic/GraphicTests.cs
 0.1 kb	 0.0% Packages/com.unity.ugui/Tests/Runtime/EventSystem/InputModuleTests/FakeBaseInput.cs
 0.1 kb	 0.0% Packages/com.unity.ugui/Tests/Runtime/EventSystem/InputModuleTests.cs
 0.1 kb	 0.0% Packages/com.unity.ugui/Tests/Runtime/Dropdown/DropdownTests.cs
 0.1 kb	 0.0% Packages/com.unity.timeline/Runtime/Events/Marker.cs
 0.1 kb	 0.0% Packages/com.unity.textmeshpro/Scripts/Runtime/TextMeshPro.cs
 0.1 kb	 0.0% Packages/com.unity.textmeshpro/Scripts/Runtime/TMPro_Private.cs
 0.1 kb	 0.0% Packages/com.unity.textmeshpro/Scripts/Runtime/TMP_TextInfo.cs
 0.1 kb	 0.0% Packages/com.unity.textmeshpro/Scripts/Runtime/TMP_SubMesh.cs
 0.1 kb	 0.0% Packages/com.unity.textmeshpro/Scripts/Runtime/TMP_Style.cs
 0.1 kb	 0.0% Packages/com.unity.textmeshpro/Scripts/Runtime/TMP_Sprite.cs
 0.1 kb	 0.0% Packages/com.unity.textmeshpro/Scripts/Runtime/TMP_Settings.cs
 0.1 kb	 0.0% Packages/com.unity.textmeshpro/Scripts/Runtime/TMP_ObjectPool.cs
 0.1 kb	 0.0% Packages/com.unity.textmeshpro/Scripts/Runtime/TMP_Dropdown.cs
 0.1 kb	 0.0% Packages/com.unity.textmeshpro/Scripts/Runtime/TMP_Asset.cs
 0.1 kb	 0.0% Packages/com.unity.textmeshpro/Scripts/Runtime/FastAction.cs
 0.1 kb	 0.0% Packages/com.unity.textmeshpro/Scripts/Runtime/AssemblyInfo.cs.cs
 0.1 kb	 0.0% Packages/com.unity.ugui/Runtime/UI/Core/VertexModifiers/Shadow.cs
 0.1 kb	 0.0% Packages/com.unity.ugui/Runtime/UI/Core/VertexModifiers/Outline.cs
 0.1 kb	 0.0% Packages/com.unity.ugui/Runtime/UI/Core/VertexModifiers/IMeshModifier.cs
 0.1 kb	 0.0% Packages/com.unity.ugui/Runtime/UI/Core/Toggle.cs
 0.1 kb	 0.0% Packages/com.unity.ugui/Runtime/UI/Core/Slider.cs
 0.1 kb	 0.0% Packages/com.unity.ugui/Runtime/UI/Core/RawImage.cs
 0.1 kb	 0.0% Packages/com.unity.ugui/Runtime/UI/Core/Layout/ILayoutElement.cs
 0.1 kb	 0.0% Packages/com.unity.ugui/Runtime/UI/Core/Image.cs
 0.1 kb	 0.0% Packages/com.unity.ugui/Runtime/UI/Core/Graphic.cs
 0.1 kb	 0.0% Packages/com.unity.ugui/Runtime/UI/Core/FontData.cs
 0.1 kb	 0.0% Packages/com.unity.ugui/Runtime/UI/Core/Dropdown.cs
 0.1 kb	 0.0% Packages/com.unity.ugui/Runtime/UI/Core/Culling/Clipping.cs
 0.1 kb	 0.0% Packages/com.unity.ugui/Runtime/UI/Core/Button.cs
 0.1 kb	 0.0% Packages/com.unity.ugui/Runtime/UI/Animation/CoroutineTween.cs
 0.1 kb	 0.0% Packages/com.unity.ugui/Runtime/EventSystem/RaycastResult.cs
 0.1 kb	 0.0% Packages/com.unity.ugui/Runtime/EventSystem/MoveDirection.cs
 0.1 kb	 0.0% Packages/com.unity.ugui/Runtime/EventSystem/EventTriggerType.cs
 0.1 kb	 0.0% Packages/com.unity.ugui/Runtime/EventSystem/EventInterfaces.cs
 0.1 kb	 0.0% Packages/com.unity.timeline/Runtime/Utilities/IPropertyPreview.cs
 0.1 kb	 0.0% Packages/com.unity.timeline/Runtime/Extensions/TrackExtensions.cs
 0.1 kb	 0.0% Packages/com.unity.timeline/Runtime/AssetUpgrade/TimelineUpgrade.cs
 0.1 kb	 0.0% Packages/com.unity.test-framework/UnityEngine.TestRunner/TestRunner/TestPlatform.cs
 0.1 kb	 0.0% Packages/com.unity.test-framework/UnityEngine.TestRunner/Assertions/LogScope/ILogScope.cs
 0.1 kb	 0.0% Packages/com.unity.test-framework/UnityEngine.TestRunner/AssemblyInfo.cs
 0.1 kb	 0.0% Packages/com.unity.ugui/Tests/Runtime/Slider/SliderTests.cs
 0.1 kb	 0.0% Packages/com.unity.ugui/Tests/Runtime/Image/ImageTests.cs
 0.1 kb	 0.0% Packages/com.unity.ugui/Tests/Runtime/EventSystem/InputModuleTests/MouseUpdate.cs
 0.1 kb	 0.0% Packages/com.unity.ugui/Tests/Runtime/Canvas/NestedCanvas.cs
 0.1 kb	 0.0% Packages/com.unity.ugui/Tests/Runtime/Button/TestButton.cs
 0.1 kb	 0.0% Packages/com.unity.ugui/Tests/Runtime/Button/ButtonTests.cs
 0.1 kb	 0.0% Packages/com.unity.textmeshpro/Scripts/Runtime/TMP_Text.cs
 0.1 kb	 0.0% Packages/com.unity.textmeshpro/Scripts/Runtime/TMP_MeshInfo.cs
 0.1 kb	 0.0% Packages/com.unity.textmeshpro/Scripts/Runtime/TMP_ListPool.cs
 0.1 kb	 0.0% Packages/com.unity.textmeshpro/Scripts/Runtime/TMP_LineInfo.cs
 0.1 kb	 0.0% Packages/com.unity.ugui/Runtime/UI/Core/Utility/ObjectPool.cs
 0.1 kb	 0.0% Packages/com.unity.ugui/Runtime/UI/Core/Text.cs
 0.1 kb	 0.0% Packages/com.unity.ugui/Runtime/UI/Core/SpriteState.cs
 0.1 kb	 0.0% Packages/com.unity.ugui/Runtime/UI/Core/SpecializedCollections/IndexedSet.cs
 0.1 kb	 0.0% Packages/com.unity.ugui/Runtime/UI/Core/Navigation.cs
 0.1 kb	 0.0% Packages/com.unity.ugui/Runtime/UI/Core/Misc.cs
 0.1 kb	 0.0% Packages/com.unity.ugui/Runtime/UI/Core/Mask.cs
 0.1 kb	 0.0% Packages/com.unity.ugui/Runtime/UI/Core/IMaskable.cs
 0.1 kb	 0.0% Packages/com.unity.ugui/Runtime/UI/Core/Culling/IClipRegion.cs
 0.1 kb	 0.0% Packages/com.unity.ugui/Runtime/UI/Core/ColorBlock.cs
 0.1 kb	 0.0% Packages/com.unity.ugui/Runtime/Properties/AssemblyInfo.cs
 0.1 kb	 0.0% Packages/com.unity.ugui/Runtime/EventSystem/EventHandle.cs
 0.1 kb	 0.0% Packages/com.unity.timeline/Runtime/Properties/AssemblyInfo.cs
 0.1 kb	 0.0% Packages/com.unity.timeline/Runtime/Playables/ITimeControl.cs
 0.1 kb	 0.0% Packages/com.unity.timeline/Runtime/ILayerable.cs
 0.1 kb	 0.0% Packages/com.unity.timeline/Runtime/Events/MarkerList.cs
 0.1 kb	 0.0% Packages/com.unity.timeline/Runtime/Evaluation/IntervalTree.cs
 0.1 kb	 0.0% Packages/com.unity.timeline/Runtime/DiscreteTime.cs
 0.1 kb	 0.0% Packages/com.unity.timeline/Runtime/AssetUpgrade/TrackUpgrade.cs
 0.1 kb	 0.0% Packages/com.unity.timeline/Runtime/AssetUpgrade/ClipUpgrade.cs
 0.1 kb	 0.0% Packages/com.unity.timeline/Runtime/Animation/ICurvesOwner.cs
 0.1 kb	 0.0% Assets/Let's Try Shooter/Scripts/CompletedScripts/ShootableBox.cs
 0.1 kb	 0.0% Packages/com.unity.ugui/Runtime/UI/Core/Utility/ListPool.cs
 0.1 kb	 0.0% Packages/com.unity.ugui/Runtime/UI/Core/IMask.cs
 0.1 kb	 0.0% Packages/com.unity.timeline/Runtime/Events/IMarker.cs
 0.1 kb	 0.0% Packages/com.unity.timeline/Runtime/ClipCaps.cs
 0.0 kb	 0.0% Assets/Let's Try Shooter/Scenes/ShootingWithRaycasts/LightingData.asset
-------------------------------------------------------------------------------
DisplayProgressbar: 
Unloading 24 Unused Serialized files (Serialized files now loaded: 0)
System memory in use before: 46.4 MB.
System memory in use after: 37.9 MB.

Unloading 26 unused Assets to reduce memory usage. Loaded Objects now: 1548.
Total: 4.866500 ms (FindLiveObjects: 0.305200 ms CreateObjectMapping: 0.059000 ms MarkObjects: 4.162500 ms  DeleteObjects: 0.336300 ms)

Unloading 0 Unused Serialized files (Serialized files now loaded: 0)
Loaded scene 'Temp/__Backupscenes/0.backup'
	Deserialize:            1.771 ms
	Integration:            2.506 ms
	Integration of assets:  0.007 ms
	Thread Wait Time:       18.398 ms
	Total Operation Time:   22.683 ms
System memory in use before: 37.3 MB.
System memory in use after: 37.4 MB.

Unloading 0 unused Assets to reduce memory usage. Loaded Objects now: 1541.
Total: 4.111300 ms (FindLiveObjects: 0.393100 ms CreateObjectMapping: 0.056900 ms MarkObjects: 3.652600 ms  DeleteObjects: 0.005400 ms)

Batchmode quit successfully invoked - shutting down!
[Performance] Application.InitializeProject                               :        1 samples, Peak.  3.92 s (1.0x), Avg.  3.92 s, Total. 3.918 s (33.1%)
[Performance] Application.PackageManager.StartServer                      :        1 samples, Peak.   903 us (1.0x), Avg.   903 us, Total. 903.1 us (0.0%)
[Performance] Application.IsBrowserCacheEmpty                             :        1 samples, Peak.   110 us (1.0x), Avg.   110 us, Total. 109.6 us (0.0%)
[Performance] Application.AcquireProjectLock                              :        1 samples, Peak.   408 us (1.0x), Avg.   408 us, Total. 408.2 us (0.0%)
[Performance] Application.InitializeEngineNoGraphics                      :        1 samples, Peak.  5.86 ms (1.0x), Avg.  5.86 ms, Total. 5.865 ms (0.0%)
[Performance] Application.PackageManager.Initialize                       :        1 samples, Peak.   828 ms (1.0x), Avg.   828 ms, Total. 828.0 ms (7.0%)
[Performance] CurlRequestCheck                                            :       17 samples, Peak.  35.6 us (2.2x), Avg.  15.9 us, Total. 270.0 us (0.0%)
[Performance] PackageManager::RunRequestSynchronously                     :       12 samples, Peak.   269 us (8.6x), Avg.  31.3 us, Total. 375.8 us (0.0%)
[Performance] Application.EngineGraphics.Initialize                       :        1 samples, Peak.  34.6 ms (1.0x), Avg.  34.6 ms, Total. 34.56 ms (0.3%)
[Performance] Application.GI.Initialize                                   :        1 samples, Peak.  97.8 ms (1.0x), Avg.  97.8 ms, Total. 97.75 ms (0.8%)
[Performance] Application.LoadAllDefaultResourcesFromEditor               :        1 samples, Peak.  2.64 ms (1.0x), Avg.  2.64 ms, Total. 2.637 ms (0.0%)
[Performance] Application.LoadMonoAssemblies                              :        1 samples, Peak.   996 ms (1.0x), Avg.   996 ms, Total. 996.3 ms (8.4%)
[Performance] ProcessService.EditorAfterLoadAllAssemblies                 :        2 samples, Peak.  33.0 ms (1.1x), Avg.  30.7 ms, Total. 61.34 ms (0.5%)
[Performance] Application.ReadLicenseInfo                                 :        1 samples, Peak.  1.19 ms (1.0x), Avg.  1.19 ms, Total. 1.191 ms (0.0%)
[Performance] Application.InitialScriptRefresh                            :        1 samples, Peak.   971 ms (1.0x), Avg.   971 ms, Total. 971.1 ms (8.2%)
[Performance] Application.AssetDatabase.Refresh                           :        1 samples, Peak.  44.1 ms (1.0x), Avg.  44.1 ms, Total. 44.13 ms (0.4%)
[Performance] Application.ImportAssetsWithMismatchingAssetImporterVersion :        1 samples, Peak.  89.8 ms (1.0x), Avg.  89.8 ms, Total. 89.81 ms (0.8%)
[Performance] Application.SyncCurrentColorSpace                           :        1 samples, Peak.  49.2 ms (1.0x), Avg.  49.2 ms, Total. 49.17 ms (0.4%)
[Performance] Application.OnUsbDevicesChanged                             :        1 samples, Peak.  13.9 us (1.0x), Avg.  13.9 us, Total. 13.90 us (0.0%)
[Performance] Application.AssetInstanceCacheUpdate                        :        1 samples, Peak.   700 ns (1.0x), Avg.   700 ns, Total. 700.0 ns (0.0%)
[Performance] Application.UnityExtensions.Initialize                      :        1 samples, Peak.   493 us (1.0x), Avg.   493 us, Total. 492.8 us (0.0%)
[Performance] Application.InitializeManagedCompilationPipeline            :        1 samples, Peak.  42.7 ms (1.0x), Avg.  42.7 ms, Total. 42.66 ms (0.4%)
[Performance] Application.ExecuteStartups                                 :        1 samples, Peak.  8.82 ms (1.0x), Avg.  8.82 ms, Total. 8.815 ms (0.1%)
[Performance] Application.RebuildOSMenu                                   :        1 samples, Peak.  37.3 ms (1.0x), Avg.  37.3 ms, Total. 37.29 ms (0.3%)
[Performance] Application.editorInitializingProject                       :        1 samples, Peak. 10.00 us (1.0x), Avg. 10.00 us, Total. 10.000 us (0.0%)
[Performance] GUIView.RepaintAll.PlayerLoopController                     :        4 samples, Peak.   600 ns (1.0x), Avg.   600 ns, Total. 2.400 us (0.0%)
[Performance] Application.InvokeFinishedLoadingProject                    :        1 samples, Peak.  35.5 ms (1.0x), Avg.  35.5 ms, Total. 35.50 ms (0.3%)
[Performance] ProcessService.OnProjectLoaded                              :        1 samples, Peak.  33.5 ms (1.0x), Avg.  33.5 ms, Total. 33.53 ms (0.3%)
Refresh completed in 0.030325 seconds.
RefreshInfo: RefreshV2(NoUpdateAssetOptions)
RefreshProfiler: Total: 30.311ms
	InvokeBeforeRefreshCallbacks: 0.150ms
	ApplyChangesToAssetFolders: 0.061ms
	WriteModifiedImportersToTextMetaFiles: 0.000ms
	CleanLegacyArtifacts: 0.000ms
	Scan: 26.553ms
	OnSourceAssetsModified: 0.000ms
	UnregisterDeletedAssets: 0.000ms
	InitializeImportedAssetsSnapshot: 2.344ms
	GetAllGuidsForCategorization: 0.000ms
	CategorizeAssets: 0.000ms
	ImportAndPostprocessOutOfDateAssets: 0.000ms (0.002ms without children)
		ImportManagerImport: 0.000ms (0.000ms without children)
			ImportInProcess: 0.000ms
			ImportOutOfProcess: 0.000ms
			UpdateCategorizedAssets: 0.000ms
			RemoteAssetCacheGetArtifact: 0.000ms (0.000ms without children)
				RemoteAssetCacheResolve: 0.000ms
				RemoteAssetCacheDownloadFile: 0.000ms
		CompileScripts: 0.000ms
		PostProcessAllAssets: 0.000ms
		ReloadImportedAssets: 0.000ms
		VerifyAssetsAreUpToDateAndCorrect: 0.000ms
		EnsureUptoDateAssetsAreRegisteredWithGuidPM: 0.000ms
		InitializingProgressBar: 0.000ms
		PostProcessAllAssetNotificationsAddChangedAssets: 0.000ms
		OnDemandSchedulerStart: 0.000ms
		RestoreLoadedAssetsState: 0.000ms
	InvokeProjectHasChanged: 0.000ms
	UpdateImportedAssetsSnapshot: -0.002ms
	ReloadSourceAssets: 0.000ms
	UnloadImportedAssets: 0.000ms
	Hotreload: 0.022ms
	FixTempGuids: 0.004ms
	VerifyGuidPMRegistrations: 0.000ms
	GatherAllCurrentPrimaryArtifactRevisions: 0.110ms
	UnloadStreamsBegin: 0.008ms
	LoadedImportedAssetsSnapshotReleaseGCHandles: 0.301ms
	GetLoadedSourceAssetsSnapshot: 0.326ms
	PersistCurrentRevisions: 0.000ms
	UnloadStreamsEnd: 0.007ms
	Untracked: 0.425ms
Refresh completed in 0.026731 seconds.
RefreshInfo: RefreshV2(NoUpdateAssetOptions)
RefreshProfiler: Total: 26.723ms
	InvokeBeforeRefreshCallbacks: 0.124ms
	ApplyChangesToAssetFolders: 0.050ms
	WriteModifiedImportersToTextMetaFiles: 0.000ms
	CleanLegacyArtifacts: 0.000ms
	Scan: 23.738ms
	OnSourceAssetsModified: 0.000ms
	UnregisterDeletedAssets: 0.000ms
	InitializeImportedAssetsSnapshot: 1.635ms
	GetAllGuidsForCategorization: 0.000ms
	CategorizeAssets: 0.000ms
	ImportAndPostprocessOutOfDateAssets: 0.000ms (0.001ms without children)
		ImportManagerImport: 0.000ms (0.000ms without children)
			ImportInProcess: 0.000ms
			ImportOutOfProcess: 0.000ms
			UpdateCategorizedAssets: 0.000ms
			RemoteAssetCacheGetArtifact: 0.000ms (0.000ms without children)
				RemoteAssetCacheResolve: 0.000ms
				RemoteAssetCacheDownloadFile: 0.000ms
		CompileScripts: 0.000ms
		PostProcessAllAssets: 0.000ms
		ReloadImportedAssets: 0.000ms
		VerifyAssetsAreUpToDateAndCorrect: 0.000ms
		EnsureUptoDateAssetsAreRegisteredWithGuidPM: 0.000ms
		InitializingProgressBar: 0.000ms
		PostProcessAllAssetNotificationsAddChangedAssets: 0.000ms
		OnDemandSchedulerStart: 0.000ms
		RestoreLoadedAssetsState: 0.000ms
	InvokeProjectHasChanged: 0.000ms
	UpdateImportedAssetsSnapshot: -0.001ms
	ReloadSourceAssets: 0.000ms
	UnloadImportedAssets: 0.000ms
	Hotreload: 0.022ms
	FixTempGuids: 0.003ms
	VerifyGuidPMRegistrations: 0.000ms
	GatherAllCurrentPrimaryArtifactRevisions: 0.119ms
	UnloadStreamsBegin: 0.005ms
	LoadedImportedAssetsSnapshotReleaseGCHandles: 0.326ms
	GetLoadedSourceAssetsSnapshot: 0.310ms
	PersistCurrentRevisions: 0.000ms
	UnloadStreamsEnd: 0.007ms
	Untracked: 0.384ms
Cleanup mono
debugger-agent: Unable to listen on 38
./Editor/Platform/Linux/UsbDevices.cpp:UsbDevicesQuery
Exiting batchmode successfully now!
[Unity Package Manager (Upm)]
Parent process [1301] was terminated
